[13:18:20] [main/INFO] (FabricLoader/GameProvider) Loading Minecraft 1.19.2 with Fabric Loader 0.14.21
[13:18:20] [main/INFO] (FabricLoader) Loading 53 mods:
	- architectury 6.5.85
	- cloth-basic-math 0.6.1
	- cloth-config 8.3.103
	- fabric-api 0.76.0+1.19.2
	- fabric-api-base 0.4.15+8f4e8eb390
	- fabric-api-lookup-api-v1 1.6.14+93d8cb8290
	- fabric-biome-api-v1 9.1.1+16f1e31390
	- fabric-block-api-v1 1.0.2+e415d50e90
	- fabric-blockrenderlayer-v1 1.1.25+cafc6e8e90
	- fabric-client-tags-api-v1 1.0.5+b35fea8390
	- fabric-command-api-v2 2.2.1+413cbbc790
	- fabric-content-registries-v0 3.5.2+7c6cd14d90
	- fabric-convention-tags-v1 1.3.0+4bc6e26290
	- fabric-crash-report-info-v1 0.2.8+aeb40ebe90
	- fabric-data-generation-api-v1 5.3.8+413cbbc790
	- fabric-dimensions-v1 2.1.35+0d0f210290
	- fabric-entity-events-v1 1.5.4+9244241690
	- fabric-events-interaction-v0 0.4.34+562bff6e90
	- fabric-game-rule-api-v1 1.0.24+b6b6abb490
	- fabric-gametest-api-v1 1.1.8+4d0d570390
	- fabric-item-api-v1 1.6.6+b7d1888890
	- fabric-item-groups-v0 0.3.39+9244241690
	- fabric-key-binding-api-v1 1.0.25+5c4fce2890
	- fabric-lifecycle-events-v1 2.2.4+1b46dc7890
	- fabric-loot-api-v2 1.1.13+83a8659290
	- fabric-message-api-v1 5.0.7+93d8cb8290
	- fabric-mining-level-api-v1 2.1.24+33fbc73890
	- fabric-models-v0 0.3.21+c6af733c90
	- fabric-networking-api-v1 1.2.11+10eb22f490
	- fabric-object-builder-api-v1 4.2.2+d8ef690890
	- fabric-particles-v1 1.0.14+4d0d570390
	- fabric-recipe-api-v1 1.0.1+413cbbc790
	- fabric-registry-sync-v0 0.9.32+9244241690
	- fabric-renderer-api-v1 1.2.1+1adbf27790
	- fabric-renderer-indigo 0.8.0+1adbf27790
	- fabric-rendering-data-attachment-v1 0.3.19+6e0787e690
	- fabric-rendering-fluids-v1 3.0.11+4d0d570390
	- fabric-rendering-v1 1.12.1+d8ef690890
	- fabric-resource-conditions-api-v1 2.1.2+aae9039d90
	- fabric-resource-loader-v0 0.8.4+edbdcddb90
	- fabric-screen-api-v1 1.0.32+4d0d570390
	- fabric-screen-handler-api-v1 1.3.7+1cc24b1b90
	- fabric-sound-api-v1 1.0.2+c4f28df590
	- fabric-textures-v0 1.0.24+aeb40ebe90
	- fabric-transfer-api-v1 2.1.6+413cbbc790
	- fabric-transitive-access-wideners-v1 1.3.3+08b73de490
	- fabricloader 0.14.21
	- generated_8633322 1.0.0
	- java 17
	- magistuarmory 8.10
	- magistuarmoryaddon 1.1
	- minecraft 1.19.2
	- modmenu 4.1.2
[13:18:21] [main/ERROR] (FabricLoader) Uncaught exception in thread "main"
java.lang.RuntimeException: Failed to read accessWidener file from mod cloth-config
	at net.fabricmc.loader.impl.FabricLoaderImpl.loadAccessWideners(FabricLoaderImpl.java:480) ~[fabric-loader-0.14.21.jar:?]
	at net.fabricmc.loader.impl.launch.knot.Knot.init(Knot.java:151) ~[fabric-loader-0.14.21.jar:?]
	at net.fabricmc.loader.impl.launch.knot.Knot.launch(Knot.java:68) ~[fabric-loader-0.14.21.jar:?]
	at net.fabricmc.loader.impl.launch.knot.KnotClient.main(KnotClient.java:23) ~[fabric-loader-0.14.21.jar:?]
	at net.fabricmc.devlaunchinjector.Main.main(Main.java:86) ~[?:?]
	at dev.architectury.transformer.TransformerRuntime.main(TransformerRuntime.java:219) ~[?:?]
Caused by: net.fabricmc.accesswidener.AccessWidenerFormatException: Namespace (intermediary) does not match current runtime namespace (named)
	at net.fabricmc.accesswidener.AccessWidenerReader.error(AccessWidenerReader.java:285) ~[access-widener-2.1.0.jar:?]
	at net.fabricmc.accesswidener.AccessWidenerReader.read(AccessWidenerReader.java:84) ~[access-widener-2.1.0.jar:?]
	at net.fabricmc.loader.impl.FabricLoaderImpl.loadAccessWideners(FabricLoaderImpl.java:478) ~[fabric-loader-0.14.21.jar:?]
	... 5 more
