[Architectury Transformer] Architectury Runtime 5.2.81
[Architectury Transformer DEBUG] Closed File Systems for C:\Users\lut8\Java\modding\Epic-Knights-Addon-1.19.2-crossversion\common\build\devlibs\[1.19.x]-Epic-Knights-Addon-1.3-dev.jar
[Architectury Transformer DEBUG] Preparing tiny remapper prepared transformer: dev.architectury.transformer.handler.TinyRemapperPreparedTransformerHandler
[Architectury Transformer DEBUG] Provided 103 classpath jar(s):
[Architectury Transformer DEBUG]  - C:\Users\lut8\.gradle\caches\fabric-loom\1.19.2\forge\1.19.2-43.2.14\forge-client-extra.jar
[Architectury Transformer DEBUG]  - C:\Users\lut8\.gradle\caches\modules-2\files-2.1\dev.architectury\architectury-injectables\1.0.10\62db2a366d662606d1b23ad02ccc3212ed37ec3\architectury-injectables-1.0.10.jar
[Architectury Transformer DEBUG]  - C:\Users\lut8\.gradle\caches\modules-2\files-2.1\net.fabricmc\fabric-loader\0.15.7\809a1a6b0f4bcca07e3dffc01f8a62265db3ff5d\fabric-loader-0.15.7.jar
[Architectury Transformer DEBUG]  - C:\Users\lut8\.gradle\caches\modules-2\files-2.1\org.jetbrains\annotations\24.0.1\13c5c75c4206580aa4d683bffee658caae6c9f43\annotations-24.0.1.jar
[Architectury Transformer DEBUG]  - C:\Users\lut8\.gradle\caches\modules-2\files-2.1\com.google.code.findbugs\jsr305\3.0.2\25ea2e8b0c338a877313bd4672d3fe056ea78f0d\jsr305-3.0.2.jar
[Architectury Transformer DEBUG]  - C:\Users\lut8\.gradle\caches\modules-2\files-2.1\net.minecraftforge\javafmllanguage\1.19.2-43.2.14\be747abe79e24bde3df827a226ac3a87f900556c\javafmllanguage-1.19.2-43.2.14.jar
[Architectury Transformer DEBUG]  - C:\Users\lut8\.gradle\caches\modules-2\files-2.1\net.minecraftforge\lowcodelanguage\1.19.2-43.2.14\40dada31f69b00e1c4091421ac4cc5caac576a74\lowcodelanguage-1.19.2-43.2.14.jar
[Architectury Transformer DEBUG]  - C:\Users\lut8\.gradle\caches\modules-2\files-2.1\net.minecraftforge\mclanguage\1.19.2-43.2.14\890db6c7e0efb6ba5c7648293d6c5d2a336d6681\mclanguage-1.19.2-43.2.14.jar
[Architectury Transformer DEBUG]  - C:\Users\lut8\.gradle\caches\modules-2\files-2.1\net.minecraftforge\fmlcore\1.19.2-43.2.14\14f71650cc4db0c0475dc12576e2a32c89149fee\fmlcore-1.19.2-43.2.14.jar
[Architectury Transformer DEBUG]  - C:\Users\lut8\.gradle\caches\fabric-loom\forge\transformed-dependencies-v1\net\minecraftforge\0e39cf8b65ea420a287804e5671fb837ce694435a3bc2e3e8ff0a9434e2d258a\fmlloader\1.19.2-43.2.14\fmlloader-1.19.2-43.2.14.jar
[Architectury Transformer DEBUG]  - C:\Users\lut8\.gradle\caches\modules-2\files-2.1\net.minecraftforge\coremods\5.0.1\386b00279628b105b2d507539c46e134e96f6237\coremods-5.0.1.jar
[Architectury Transformer DEBUG]  - C:\Users\lut8\.gradle\caches\modules-2\files-2.1\net.minecraftforge\forgespi\6.0.0\4a2004591666531f8b30d3402317b1ff6411bd3e\forgespi-6.0.0.jar
[Architectury Transformer DEBUG]  - C:\Users\lut8\.gradle\caches\modules-2\files-2.1\cpw.mods\bootstraplauncher\1.1.2\c546e00443d8432cda6baa1c860346980742628\bootstraplauncher-1.1.2.jar
[Architectury Transformer DEBUG]  - C:\Users\lut8\.gradle\caches\modules-2\files-2.1\net.minecraftforge\accesstransformers\8.0.4\272d240aa73f42195b2a68e2ebd8b701ecf41f63\accesstransformers-8.0.4.jar
[Architectury Transformer DEBUG]  - C:\Users\lut8\.gradle\caches\modules-2\files-2.1\net.minecraftforge\eventbus\6.0.3\42fe522ace1bbcbcbba9c880c42411857baf36a9\eventbus-6.0.3.jar
[Architectury Transformer DEBUG]  - C:\Users\lut8\.gradle\caches\modules-2\files-2.1\cpw.mods\modlauncher\10.0.9\6d9443f56f50bb85cea383686ff9c867391458b\modlauncher-10.0.9.jar
[Architectury Transformer DEBUG]  - C:\Users\lut8\.gradle\caches\modules-2\files-2.1\cpw.mods\securejarhandler\2.1.4\f47e3b9dd860a7b82154b8f90a650ffd0aaa5582\securejarhandler-2.1.4.jar
[Architectury Transformer DEBUG]  - C:\Users\lut8\.gradle\caches\modules-2\files-2.1\org.openjdk.nashorn\nashorn-core\15.3\43977e804697048fc8d81d333a36c17d07a5b3dd\nashorn-core-15.3.jar
[Architectury Transformer DEBUG]  - C:\Users\lut8\.gradle\caches\modules-2\files-2.1\org.ow2.asm\asm-commons\9.3\1f2a432d1212f5c352ae607d7b61dcae20c20af5\asm-commons-9.3.jar
[Architectury Transformer DEBUG]  - C:\Users\lut8\.gradle\caches\modules-2\files-2.1\org.ow2.asm\asm-util\9.3\9595bc05510d0bd4b610188b77333fe4851a1975\asm-util-9.3.jar
[Architectury Transformer DEBUG]  - C:\Users\lut8\.gradle\caches\modules-2\files-2.1\org.ow2.asm\asm-analysis\9.3\4b071f211b37c38e0e9f5998550197c8593f6ad8\asm-analysis-9.3.jar
[Architectury Transformer DEBUG]  - C:\Users\lut8\.gradle\caches\modules-2\files-2.1\org.ow2.asm\asm-tree\9.3\78d2ecd61318b5a58cd04fb237636c0e86b77d97\asm-tree-9.3.jar
[Architectury Transformer DEBUG]  - C:\Users\lut8\.gradle\caches\modules-2\files-2.1\org.ow2.asm\asm\9.3\8e6300ef51c1d801a7ed62d07cd221aca3a90640\asm-9.3.jar
[Architectury Transformer DEBUG]  - C:\Users\lut8\.gradle\caches\modules-2\files-2.1\org.antlr\antlr4\4.9.1\e92af8ab33e428461927b484e90bb155a4f3a052\antlr4-4.9.1.jar
[Architectury Transformer DEBUG]  - C:\Users\lut8\.gradle\caches\modules-2\files-2.1\org.antlr\antlr4-runtime\4.9.1\428664f05d2b7f7b7610204b5aa7c1763f62011a\antlr4-runtime-4.9.1.jar
[Architectury Transformer DEBUG]  - C:\Users\lut8\.gradle\caches\modules-2\files-2.1\net.minecraftforge\unsafe\0.2.0\54d7a0a5e8fdb71b973025caa46f341ae5904f39\unsafe-0.2.0.jar
[Architectury Transformer DEBUG]  - C:\Users\lut8\.gradle\caches\modules-2\files-2.1\com.electronwill.night-config\toml\3.6.4\51d6cefb2b55ee55ee26b16391212fb2c7dfb4f4\toml-3.6.4.jar
[Architectury Transformer DEBUG]  - C:\Users\lut8\.gradle\caches\modules-2\files-2.1\com.electronwill.night-config\core\3.6.4\510f174abbf1c947494db50ef2445683bd52c230\core-3.6.4.jar
[Architectury Transformer DEBUG]  - C:\Users\lut8\.gradle\caches\modules-2\files-2.1\net.minecraftforge\JarJarSelector\0.3.16\2a31421fb5e267249da103a644f23afb43d158af\JarJarSelector-0.3.16.jar
[Architectury Transformer DEBUG]  - C:\Users\lut8\.gradle\caches\modules-2\files-2.1\net.minecraftforge\JarJarMetadata\0.3.16\f62c8c898dffc8666f5097a8587ed72095e8e83a\JarJarMetadata-0.3.16.jar
[Architectury Transformer DEBUG]  - C:\Users\lut8\.gradle\caches\modules-2\files-2.1\org.apache.maven\maven-artifact\3.8.5\4433f50c07debefaed0553bd0068f4f48d449313\maven-artifact-3.8.5.jar
[Architectury Transformer DEBUG]  - C:\Users\lut8\.gradle\caches\modules-2\files-2.1\net.jodah\typetools\0.8.3\98f84f353457629e81cc6827224871b1a8faa7af\typetools-0.8.3.jar
[Architectury Transformer DEBUG]  - C:\Users\lut8\.gradle\caches\modules-2\files-2.1\net.minecrell\terminalconsoleappender\1.2.0\96d02cd3b384ff015a8fef4223bcb4ccf1717c95\terminalconsoleappender-1.2.0.jar
[Architectury Transformer DEBUG]  - C:\Users\lut8\.gradle\caches\modules-2\files-2.1\org.jline\jline-reader\3.12.1\4382ab1382c7b6f379377ed5f665dc2f6e1218bc\jline-reader-3.12.1.jar
[Architectury Transformer DEBUG]  - C:\Users\lut8\.gradle\caches\modules-2\files-2.1\org.jline\jline-terminal\3.12.1\c777448314e050d980a6b697c140f3bfe9eb7416\jline-terminal-3.12.1.jar
[Architectury Transformer DEBUG]  - C:\Users\lut8\.gradle\caches\modules-2\files-2.1\dev.architectury\mixin-patched\0.8.5.10\a8cf27a2274cbb5030707cf66df222a766435a4\mixin-patched-0.8.5.10.jar
[Architectury Transformer DEBUG]  - C:\Users\lut8\.gradle\caches\modules-2\files-2.1\net.minecraftforge\JarJarFileSystems\0.3.16\e52afbb2599dc7c6f779efea0496d32fc01152e3\JarJarFileSystems-0.3.16.jar
[Architectury Transformer DEBUG]  - C:\Users\lut8\.gradle\caches\modules-2\files-2.1\net.sf.jopt-simple\jopt-simple\5.0.4\4fdac2fbe92dfad86aa6e9301736f6b4342a3f5c\jopt-simple-5.0.4.jar
[Architectury Transformer DEBUG]  - C:\Users\lut8\.gradle\caches\modules-2\files-2.1\com.mojang\logging\1.0.0\f6ca3b2eee0b80b384e8ed93d368faecb82dfb9b\logging-1.0.0.jar
[Architectury Transformer DEBUG]  - C:\Users\lut8\.gradle\caches\modules-2\files-2.1\org.apache.logging.log4j\log4j-slf4j18-impl\2.17.0\bd7f6c0b9224dd214afb4e684957e2349b529a8d\log4j-slf4j18-impl-2.17.0.jar
[Architectury Transformer DEBUG]  - C:\Users\lut8\.gradle\caches\modules-2\files-2.1\org.apache.logging.log4j\log4j-core\2.17.1\779f60f3844dadc3ef597976fcb1e5127b1f343d\log4j-core-2.17.1.jar
[Architectury Transformer DEBUG]  - C:\Users\lut8\.gradle\caches\modules-2\files-2.1\io.github.juuxel\unprotect\1.2.0\49cc229a0469f28fae41593a9537743ac6a951dc\unprotect-1.2.0.jar
[Architectury Transformer DEBUG]  - C:\Users\lut8\.gradle\caches\modules-2\files-2.1\org.apache.logging.log4j\log4j-api\2.17.1\d771af8e336e372fb5399c99edabe0919aeaf5b2\log4j-api-2.17.1.jar
[Architectury Transformer DEBUG]  - C:\Users\lut8\.gradle\caches\modules-2\files-2.1\org.codehaus.plexus\plexus-utils\3.3.0\cf43b5391de623b36fe066a21127baef82c64022\plexus-utils-3.3.0.jar
[Architectury Transformer DEBUG]  - C:\Users\lut8\.gradle\caches\modules-2\files-2.1\org.apache.commons\commons-lang3\3.12.0\c6842c86792ff03b9f1d1fe2aab8dc23aa6c6f0e\commons-lang3-3.12.0.jar
[Architectury Transformer DEBUG]  - C:\Users\lut8\.m2\repository\io\github\magistu\1.19.2-epic-knights-forge\8.10.0\1.19.2-epic-knights-forge-8.10.0.jar
[Architectury Transformer DEBUG]  - C:\Users\lut8\.gradle\caches\modules-2\files-2.1\me.shedaniel.cloth\cloth-config-forge\8.3.103\f328e96b7cbe94fa73e1421a72959296e7698c5d\cloth-config-forge-8.3.103.jar
[Architectury Transformer DEBUG]  - C:\Users\lut8\.gradle\caches\modules-2\files-2.1\com.moandjiezana.toml\toml4j\0.7.2\a03337911d0bd2c40932aca3946edb30d0e7d0c\toml4j-0.7.2.jar
[Architectury Transformer DEBUG]  - C:\Users\lut8\.gradle\caches\modules-2\files-2.1\com.google.code.gson\gson\2.8.9\8a432c1d6825781e21a02db2e2c33c5fde2833b9\gson-2.8.9.jar
[Architectury Transformer DEBUG]  - C:\Users\lut8\.gradle\caches\modules-2\files-2.1\com.google.guava\guava\31.0.1-jre\119ea2b2bc205b138974d351777b20f02b92704b\guava-31.0.1-jre.jar
[Architectury Transformer DEBUG]  - C:\Users\lut8\.gradle\caches\modules-2\files-2.1\com.machinezoo.noexception\noexception\1.7.1\b65330c98e38a1f915fa54a6e5eca496505e3f0a\noexception-1.7.1.jar
[Architectury Transformer DEBUG]  - C:\Users\lut8\.gradle\caches\modules-2\files-2.1\org.slf4j\slf4j-simple\1.7.30\e606eac955f55ecf1d8edcccba04eb8ac98088dd\slf4j-simple-1.7.30.jar
[Architectury Transformer DEBUG]  - C:\Users\lut8\.gradle\caches\modules-2\files-2.1\org.slf4j\slf4j-api\1.8.0-beta4\83b0359d847ee053d745be7ec0d8e9e8a44304b4\slf4j-api-1.8.0-beta4.jar
[Architectury Transformer DEBUG]  - C:\Users\lut8\.gradle\caches\modules-2\files-2.1\commons-io\commons-io\2.11.0\a2503f302b11ebde7ebc3df41daebe0e4eea3689\commons-io-2.11.0.jar
[Architectury Transformer DEBUG]  - C:\Users\lut8\.gradle\caches\modules-2\files-2.1\org.antlr\ST4\4.3\92f2c1ad8d84abcbeead6cf7f2c53a04166293c2\ST4-4.3.jar
[Architectury Transformer DEBUG]  - C:\Users\lut8\.gradle\caches\modules-2\files-2.1\org.antlr\antlr-runtime\3.5.2\cd9cd41361c155f3af0f653009dcecb08d8b4afd\antlr-runtime-3.5.2.jar
[Architectury Transformer DEBUG]  - C:\Users\lut8\.gradle\caches\modules-2\files-2.1\org.abego.treelayout\org.abego.treelayout.core\1.0.3\457216e8e6578099ae63667bb1e4439235892028\org.abego.treelayout.core-1.0.3.jar
[Architectury Transformer DEBUG]  - C:\Users\lut8\.gradle\caches\modules-2\files-2.1\org.glassfish\javax.json\1.0.4\3178f73569fd7a1e5ffc464e680f7a8cc784b85a\javax.json-1.0.4.jar
[Architectury Transformer DEBUG]  - C:\Users\lut8\.gradle\caches\modules-2\files-2.1\com.ibm.icu\icu4j\70.1\dfa3a1fbc55bf5db8c6e79fc0935ac7ab1202950\icu4j-70.1.jar
[Architectury Transformer DEBUG]  - C:\Users\lut8\.gradle\caches\modules-2\files-2.1\com.google.guava\failureaccess\1.0.1\1dcf1de382a0bf95a3d8b0849546c88bac1292c9\failureaccess-1.0.1.jar
[Architectury Transformer DEBUG]  - C:\Users\lut8\.gradle\caches\modules-2\files-2.1\com.google.guava\listenablefuture\9999.0-empty-to-avoid-conflict-with-guava\b421526c5f297295adef1c886e5246c39d4ac629\listenablefuture-9999.0-empty-to-avoid-conflict-with-guava.jar
[Architectury Transformer DEBUG]  - C:\Users\lut8\.gradle\caches\modules-2\files-2.1\org.checkerframework\checker-qual\3.12.0\d5692f0526415fcc6de94bb5bfbd3afd9dd3b3e5\checker-qual-3.12.0.jar
[Architectury Transformer DEBUG]  - C:\Users\lut8\.gradle\caches\modules-2\files-2.1\com.google.errorprone\error_prone_annotations\2.7.1\458d9042f7aa6fa9a634df902b37f544e15aacac\error_prone_annotations-2.7.1.jar
[Architectury Transformer DEBUG]  - C:\Users\lut8\.gradle\caches\modules-2\files-2.1\com.google.j2objc\j2objc-annotations\1.3\ba035118bc8bac37d7eff77700720999acd9986d\j2objc-annotations-1.3.jar
[Architectury Transformer DEBUG]  - C:\Users\lut8\.gradle\caches\modules-2\files-2.1\dev.architectury\architectury-loom-runtime\1.1.8\bf2a4a84e0479a0ab3bb8bfbd906c3737ceb1207\architectury-loom-runtime-1.1.8.jar
[Architectury Transformer DEBUG]  - C:\Users\lut8\.gradle\caches\modules-2\files-2.1\com.mojang\blocklist\1.0.10\5c685c5ffa94c4cd39496c7184c1d122e515ecef\blocklist-1.0.10.jar
[Architectury Transformer DEBUG]  - C:\Users\lut8\.gradle\caches\modules-2\files-2.1\com.mojang\patchy\2.2.10\da05971b07cbb379d002cf7eaec6a2048211fefc\patchy-2.2.10.jar
[Architectury Transformer DEBUG]  - C:\Users\lut8\.gradle\caches\modules-2\files-2.1\com.github.oshi\oshi-core\5.8.5\1d0ec654d820741327f5a9229d513732a4b7ce50\oshi-core-5.8.5.jar
[Architectury Transformer DEBUG]  - C:\Users\lut8\.gradle\caches\modules-2\files-2.1\net.java.dev.jna\jna\5.10.0\7cf4c87dd802db50721db66947aa237d7ad09418\jna-5.10.0.jar
[Architectury Transformer DEBUG]  - C:\Users\lut8\.gradle\caches\modules-2\files-2.1\net.java.dev.jna\jna-platform\5.10.0\fbed7d9669dba47714ad0d4f4454290a997aee69\jna-platform-5.10.0.jar
[Architectury Transformer DEBUG]  - C:\Users\lut8\.gradle\caches\modules-2\files-2.1\com.mojang\javabridge\1.2.24\c876796229b2ef5120f186eab5acc870699d3b9\javabridge-1.2.24.jar
[Architectury Transformer DEBUG]  - C:\Users\lut8\.gradle\caches\modules-2\files-2.1\io.netty\netty-common\4.1.77.Final\ea0fc20f4e6178966b9d62017b7fcb83dfe0e713\netty-common-4.1.77.Final.jar
[Architectury Transformer DEBUG]  - C:\Users\lut8\.gradle\caches\modules-2\files-2.1\io.netty\netty-buffer\4.1.77.Final\d97571f99e5e739d86824d0df99f35d295276b5f\netty-buffer-4.1.77.Final.jar
[Architectury Transformer DEBUG]  - C:\Users\lut8\.gradle\caches\modules-2\files-2.1\io.netty\netty-codec\4.1.77.Final\4efc5f59335301d6ba0d7cd31dd10651119b03c8\netty-codec-4.1.77.Final.jar
[Architectury Transformer DEBUG]  - C:\Users\lut8\.gradle\caches\modules-2\files-2.1\io.netty\netty-handler\4.1.77.Final\47a81089de03635a27f509f3e4e13386ae1db275\netty-handler-4.1.77.Final.jar
[Architectury Transformer DEBUG]  - C:\Users\lut8\.gradle\caches\modules-2\files-2.1\io.netty\netty-resolver\4.1.77.Final\4a239dbf8d8bb5f98aa51462c35011c0516395fd\netty-resolver-4.1.77.Final.jar
[Architectury Transformer DEBUG]  - C:\Users\lut8\.gradle\caches\modules-2\files-2.1\io.netty\netty-transport\4.1.77.Final\2a3373bbd20d520c821f210bd5ee886788512043\netty-transport-4.1.77.Final.jar
[Architectury Transformer DEBUG]  - C:\Users\lut8\.gradle\caches\modules-2\files-2.1\io.netty\netty-transport-native-unix-common\4.1.77.Final\c95d53486414b3270d08057957c5da8e0c37e4eb\netty-transport-native-unix-common-4.1.77.Final.jar
[Architectury Transformer DEBUG]  - C:\Users\lut8\.gradle\caches\modules-2\files-2.1\io.netty\netty-transport-classes-epoll\4.1.77.Final\dd70dbccbcf98382223a59044f3c08d8e9920cad\netty-transport-classes-epoll-4.1.77.Final.jar
[Architectury Transformer DEBUG]  - C:\Users\lut8\.gradle\caches\modules-2\files-2.1\commons-codec\commons-codec\1.15\49d94806b6e3dc933dacbd8acb0fdbab8ebd1e5d\commons-codec-1.15.jar
[Architectury Transformer DEBUG]  - C:\Users\lut8\.gradle\caches\modules-2\files-2.1\com.mojang\brigadier\1.0.18\c1ef1234282716483c92183f49bef47b1a89bfa9\brigadier-1.0.18.jar
[Architectury Transformer DEBUG]  - C:\Users\lut8\.gradle\caches\modules-2\files-2.1\com.mojang\datafixerupper\5.0.28\e2157e236e529aff80a5fc3ccb506e56d46b130b\datafixerupper-5.0.28.jar
[Architectury Transformer DEBUG]  - C:\Users\lut8\.gradle\caches\modules-2\files-2.1\com.mojang\authlib\3.11.49\2e3055ec2a017c7f94b79744b4a68b65695a118c\authlib-3.11.49.jar
[Architectury Transformer DEBUG]  - C:\Users\lut8\.gradle\caches\modules-2\files-2.1\org.apache.commons\commons-compress\1.21\4ec95b60d4e86b5c95a0e919cb172a0af98011ef\commons-compress-1.21.jar
[Architectury Transformer DEBUG]  - C:\Users\lut8\.gradle\caches\modules-2\files-2.1\org.apache.httpcomponents\httpclient\4.5.13\e5f6cae5ca7ecaac1ec2827a9e2d65ae2869cada\httpclient-4.5.13.jar
[Architectury Transformer DEBUG]  - C:\Users\lut8\.gradle\caches\modules-2\files-2.1\commons-logging\commons-logging\1.2\4bfc12adfe4842bf07b657f0369c4cb522955686\commons-logging-1.2.jar
[Architectury Transformer DEBUG]  - C:\Users\lut8\.gradle\caches\modules-2\files-2.1\org.apache.httpcomponents\httpcore\4.4.14\9dd1a631c082d92ecd4bd8fd4cf55026c720a8c1\httpcore-4.4.14.jar
[Architectury Transformer DEBUG]  - C:\Users\lut8\.gradle\caches\modules-2\files-2.1\it.unimi.dsi\fastutil\8.5.6\76f95700418a68fbc4ac050525261f05dc681ca1\fastutil-8.5.6.jar
[Architectury Transformer DEBUG]  - C:\Users\lut8\.gradle\caches\modules-2\files-2.1\org.lwjgl\lwjgl\3.3.1\ae58664f88e18a9bb2c77b063833ca7aaec484cb\lwjgl-3.3.1.jar
[Architectury Transformer DEBUG]  - C:\Users\lut8\.gradle\caches\modules-2\files-2.1\org.lwjgl\lwjgl-jemalloc\3.3.1\a817bcf213db49f710603677457567c37d53e103\lwjgl-jemalloc-3.3.1.jar
[Architectury Transformer DEBUG]  - C:\Users\lut8\.gradle\caches\modules-2\files-2.1\org.lwjgl\lwjgl-openal\3.3.1\2623a6b8ae1dfcd880738656a9f0243d2e6840bd\lwjgl-openal-3.3.1.jar
[Architectury Transformer DEBUG]  - C:\Users\lut8\.gradle\caches\modules-2\files-2.1\org.lwjgl\lwjgl-opengl\3.3.1\831a5533a21a5f4f81bbc51bb13e9899319b5411\lwjgl-opengl-3.3.1.jar
[Architectury Transformer DEBUG]  - C:\Users\lut8\.gradle\caches\modules-2\files-2.1\org.lwjgl\lwjgl-glfw\3.3.1\cbac1b8d30cb4795149c1ef540f912671a8616d0\lwjgl-glfw-3.3.1.jar
[Architectury Transformer DEBUG]  - C:\Users\lut8\.gradle\caches\modules-2\files-2.1\org.lwjgl\lwjgl-stb\3.3.1\b119297cf8ed01f247abe8685857f8e7fcf5980f\lwjgl-stb-3.3.1.jar
[Architectury Transformer DEBUG]  - C:\Users\lut8\.gradle\caches\modules-2\files-2.1\org.lwjgl\lwjgl-tinyfd\3.3.1\ff1914111ef2e3e0110ef2dabc8d8cdaad82347\lwjgl-tinyfd-3.3.1.jar
[Architectury Transformer DEBUG]  - C:\Users\lut8\.gradle\caches\modules-2\files-2.1\com.mojang\text2speech\1.16.7\ee4095669061d1fe4bce5fea23d69d1520bc2d58\text2speech-1.16.7.jar
[Architectury Transformer DEBUG]  - C:\Users\lut8\Java\modding\Epic-Knights-Addon-1.19.2-crossversion\.gradle\loom-cache\minecraftMaven\net\minecraft\forge-1.19.2-43.2.14-minecraft-merged-project-@forge\1.19.2-loom.mappings.1_19_2.layered+hash.40359-v2-forge-1.19.2-43.2.14\forge-1.19.2-43.2.14-minecraft-merged-project-@forge-1.19.2-loom.mappings.1_19_2.layered+hash.40359-v2-forge-1.19.2-43.2.14.jar
[Architectury Transformer DEBUG]  - C:\Users\lut8\.gradle\caches\modules-2\files-2.1\io.netty\netty-transport-native-epoll\4.1.77.Final\8d10e9e138dac52172dd83229bdc89197100c723\netty-transport-native-epoll-4.1.77.Final-linux-x86_64.jar
[Architectury Transformer DEBUG]  - C:\Users\lut8\.gradle\caches\modules-2\files-2.1\io.netty\netty-transport-native-epoll\4.1.77.Final\5f051599ced83e119ddeda891f471c0613721e5c\netty-transport-native-epoll-4.1.77.Final-linux-aarch_64.jar
[Architectury Transformer DEBUG]  - C:\Users\lut8\Java\modding\Epic-Knights-Addon-1.19.2-crossversion\.gradle\loom-cache\remapped_mods\loom_mappings_1_19_2_layered_hash_40359_v2_forge_1_19_2_43_2_14_forge\dev\architectury\architectury-forge\6.5.85\architectury-forge-6.5.85.jar
[Architectury Transformer DEBUG]  - C:\Users\lut8\.gradle\caches\modules-2\files-2.1\dev.architectury\architectury-forge\6.5.85\37760c2b6445973b5df578f53181b5238cf4528c\architectury-forge-6.5.85.jar
[Architectury Transformer DEBUG]  - C:\Users\lut8\.gradle\caches\modules-2\files-2.1\blue.endless\jankson\1.2.0\3a596049034f2952c0b2d40ca41f9b98856d5fb4\jankson-1.2.0.jar
[Architectury Transformer DEBUG]  - C:\Users\lut8\.gradle\caches\modules-2\files-2.1\org.yaml\snakeyaml\1.27\359d62567480b07a679dc643f82fc926b100eed5\snakeyaml-1.27.jar
[Architectury Transformer] Read classpath in 1.090 s
[Architectury Transformer DEBUG] Closed File Systems for C:\Users\lut8\Java\modding\Epic-Knights-Addon-1.19.2-crossversion\common\build\devlibs\[1.19.x]-Epic-Knights-Addon-1.3-dev.jar
[Architectury Transformer DEBUG] Transforming 8 transformer(s) from C:\Users\lut8\Java\modding\Epic-Knights-Addon-1.19.2-crossversion\common\build\devlibs\[1.19.x]-Epic-Knights-Addon-1.3-dev.jar to C:\Users\lut8\AppData\Local\Temp\7796158856843615406.jar: 
[Architectury Transformer DEBUG]  - dev.architectury.transformer.transformers.RuntimeMixinRefmapDetector@3b65e559
[Architectury Transformer DEBUG]  - dev.architectury.transformer.transformers.TransformExpectPlatform@bae47a0
[Architectury Transformer DEBUG]  - dev.architectury.transformer.transformers.RemapInjectables@74a9c4b0
[Architectury Transformer DEBUG]  - dev.architectury.transformer.transformers.TransformPlatformOnly@85ec632
[Architectury Transformer DEBUG]  - dev.architectury.transformer.transformers.TransformForgeAnnotations@1c05a54d
[Architectury Transformer DEBUG]  - dev.architectury.transformer.transformers.TransformForgeEnvironment@65ef722a
[Architectury Transformer DEBUG]  - dev.architectury.transformer.transformers.GenerateFakeForgeMod@5fd9b663
[Architectury Transformer DEBUG]  - dev.architectury.transformer.transformers.FixForgeMixin@214894fc
[Architectury Transformer DEBUG] Transforming from C:\Users\lut8\Java\modding\Epic-Knights-Addon-1.19.2-crossversion\common\build\devlibs\[1.19.x]-Epic-Knights-Addon-1.3-dev.jar to C:\Users\lut8\AppData\Local\Temp\7796158856843615406.jar with 8 transformer(s) on dev.architectury.transformer.handler.SimpleTransformerHandler
[Architectury Transformer DEBUG] Remapping with 1 mapping provider(s):
[Architectury Transformer DEBUG]  - dev.architectury.transformer.transformers.TransformForgeEnvironment$$Lambda$150/0x0000000800ccd8e8@7d2a6eac
[Architectury Transformer DEBUG] Remapping Classes:
[Architectury Transformer DEBUG] net/fabricmc/api/EnvType -> net/minecraftforge/api/distmarker/Dist
[Architectury Transformer DEBUG] net/fabricmc/api/Environment -> net/minecraftforge/api/distmarker/OnlyIn
[Architectury Transformer DEBUG] Found class transformer
[Architectury Transformer DEBUG] Writing com/magistuarmory/addon/EpicKnightsAddon with maxs=true frames=true
[Architectury Transformer DEBUG] Writing com/magistuarmory/addon/client/render/model/AddonModels with maxs=true frames=true
[Architectury Transformer DEBUG] Writing com/magistuarmory/addon/client/render/model/armor/ParadeBurgonetModel with maxs=true frames=true
[Architectury Transformer DEBUG] Writing com/magistuarmory/addon/client/render/model/armor/MilaneseArmetModel with maxs=true frames=true
[Architectury Transformer DEBUG] Writing com/magistuarmory/addon/client/render/model/armor/OpenedSalletModel with maxs=true frames=true
[Architectury Transformer DEBUG] Writing com/magistuarmory/addon/client/render/model/armor/GreathelmModel with maxs=true frames=true
[Architectury Transformer DEBUG] Writing com/magistuarmory/addon/client/render/model/armor/LateSalletModel with maxs=true frames=true
[Architectury Transformer DEBUG] Writing com/magistuarmory/addon/client/render/model/armor/CloseHelmetModel with maxs=true frames=true
[Architectury Transformer DEBUG] Writing com/magistuarmory/addon/client/render/model/armor/CondottieroCapModel with maxs=true frames=true
[Architectury Transformer DEBUG] Writing com/magistuarmory/addon/client/render/model/armor/BellowsMaximilianHelmetModel with maxs=true frames=true
[Architectury Transformer DEBUG] Writing com/magistuarmory/addon/client/render/model/armor/GreenwichArmetModel with maxs=true frames=true
[Architectury Transformer DEBUG] Writing com/magistuarmory/addon/client/render/model/armor/SturmhaubeModel with maxs=true frames=true
[Architectury Transformer DEBUG] Writing com/magistuarmory/addon/client/render/model/armor/PuffAndSlashModel with maxs=true frames=true
[Architectury Transformer DEBUG] Writing com/magistuarmory/addon/client/render/model/armor/ClosedBurgonetModel with maxs=true frames=true
[Architectury Transformer DEBUG] Writing com/magistuarmory/addon/client/render/model/armor/BurgundianKettlehatModel with maxs=true frames=true
[Architectury Transformer DEBUG] Writing com/magistuarmory/addon/client/render/model/armor/ExquisiteArmetModel with maxs=true frames=true
[Architectury Transformer DEBUG] Writing com/magistuarmory/addon/client/render/model/armor/BritishArmetModel with maxs=true frames=true
[Architectury Transformer DEBUG] Writing com/magistuarmory/addon/client/render/model/armor/KulahKhudModel with maxs=true frames=true
[Architectury Transformer DEBUG] Writing com/magistuarmory/addon/client/render/model/armor/LateBascinetModel with maxs=true frames=true
[Architectury Transformer DEBUG] Writing com/magistuarmory/addon/client/render/model/armor/FancyHatModel with maxs=true frames=true
[Architectury Transformer DEBUG] Writing com/magistuarmory/addon/client/render/model/armor/SalletWithoutNeckProtectionModel with maxs=true frames=true
[Architectury Transformer DEBUG] Writing com/magistuarmory/addon/client/render/model/armor/SalletModel with maxs=true frames=true
[Architectury Transformer DEBUG] Writing com/magistuarmory/addon/client/render/model/armor/UnderarmorModel with maxs=true frames=true
[Architectury Transformer DEBUG] Writing com/magistuarmory/addon/client/render/model/armor/SavoyardHelmetModel with maxs=true frames=true
[Architectury Transformer DEBUG] Writing com/magistuarmory/addon/client/render/model/armor/SteelPuffAndSlashModel with maxs=true frames=true
[Architectury Transformer DEBUG] Writing com/magistuarmory/addon/client/render/model/armor/KlappvisorBascinetModel with maxs=true frames=true
[Architectury Transformer DEBUG] Writing com/magistuarmory/addon/client/render/model/armor/FacialGrotesqueMaximilianHelmetModel with maxs=true frames=true
[Architectury Transformer DEBUG] Writing com/magistuarmory/addon/client/render/model/armor/LateKettlehatModel with maxs=true frames=true
[Architectury Transformer DEBUG] Writing com/magistuarmory/addon/client/render/model/armor/EarlyGreathelmModel with maxs=true frames=true
[Architectury Transformer DEBUG] Writing com/magistuarmory/addon/client/render/model/armor/NecklaceArmorModel with maxs=true frames=true
[Architectury Transformer DEBUG] Writing com/magistuarmory/addon/client/render/model/armor/PatricianTuherHelmetModel with maxs=true frames=true
[Architectury Transformer DEBUG] Writing com/magistuarmory/addon/client/render/model/armor/LobsterTailedHelmetModel with maxs=true frames=true
[Architectury Transformer DEBUG] Writing com/magistuarmory/addon/client/render/model/armor/VisoredKettlehatModel with maxs=true frames=true
[Architectury Transformer DEBUG] Writing com/magistuarmory/addon/client/render/model/armor/MorionModel with maxs=true frames=true
[Architectury Transformer DEBUG] Writing com/magistuarmory/addon/client/render/model/armor/BicoqueModel with maxs=true frames=true
[Architectury Transformer DEBUG] Writing com/magistuarmory/addon/client/render/model/armor/EarlyCabassetModel with maxs=true frames=true
[Architectury Transformer DEBUG] Writing com/magistuarmory/addon/client/render/model/armor/CabassetModel with maxs=true frames=true
[Architectury Transformer DEBUG] Writing com/magistuarmory/addon/client/render/model/armor/StrawHatModel with maxs=true frames=true
[Architectury Transformer DEBUG] Writing com/magistuarmory/addon/client/render/model/armor/LateBurgonetModel with maxs=true frames=true
[Architectury Transformer DEBUG] Writing com/magistuarmory/addon/client/render/model/armor/DevilishGrotesqueMaximilianHelmetModel with maxs=true frames=true
[Architectury Transformer DEBUG] Writing com/magistuarmory/addon/client/render/model/armor/LateGreathelmModel with maxs=true frames=true
[Architectury Transformer DEBUG] Writing com/magistuarmory/addon/client/render/model/armor/ChapelModel with maxs=true frames=true
[Architectury Transformer DEBUG] Writing com/magistuarmory/addon/client/render/model/armor/TunicModel with maxs=true frames=true
[Architectury Transformer DEBUG] Writing com/magistuarmory/addon/client/render/model/decoration/RoyalPlumeModel with maxs=true frames=true
[Architectury Transformer DEBUG] Writing com/magistuarmory/addon/client/render/model/decoration/HorseTailDecorationModel with maxs=true frames=true
[Architectury Transformer DEBUG] Writing com/magistuarmory/addon/client/render/model/decoration/HelmetRondelModel with maxs=true frames=true
[Architectury Transformer DEBUG] Writing com/magistuarmory/addon/client/render/model/decoration/CodpieceModel with maxs=true frames=true
[Architectury Transformer DEBUG] Writing com/magistuarmory/addon/client/render/model/decoration/LandsknechtFeathersModel with maxs=true frames=true
[Architectury Transformer DEBUG] Writing com/magistuarmory/addon/client/render/model/decoration/SkirtModel with maxs=true frames=true
[Architectury Transformer DEBUG] Writing com/magistuarmory/addon/client/render/model/decoration/HelmetWingsModel with maxs=true frames=true
[Architectury Transformer DEBUG] Writing com/magistuarmory/addon/client/render/model/decoration/HangingClothModel with maxs=true frames=true
[Architectury Transformer DEBUG] Writing com/magistuarmory/addon/client/render/model/decoration/MustacheModel with maxs=true frames=true
[Architectury Transformer DEBUG] Writing com/magistuarmory/addon/client/render/model/decoration/PinceNezModel with maxs=true frames=true
[Architectury Transformer DEBUG] Writing com/magistuarmory/addon/client/render/model/decoration/NecklaceModel with maxs=true frames=true
[Architectury Transformer DEBUG] Writing com/magistuarmory/addon/client/render/model/decoration/GooseModel with maxs=true frames=true
[Architectury Transformer DEBUG] Writing com/magistuarmory/addon/client/render/model/decoration/UnderarmorTunicModel with maxs=true frames=true
[Architectury Transformer DEBUG] Writing com/magistuarmory/addon/client/render/model/decoration/GorgetModel with maxs=true frames=true
[Architectury Transformer DEBUG] Writing com/magistuarmory/addon/client/render/model/decoration/HeavyShoulderPadModel with maxs=true frames=true
[Architectury Transformer DEBUG] Writing com/magistuarmory/addon/client/render/model/decoration/LandsknechtHatModel with maxs=true frames=true
[Architectury Transformer DEBUG] Writing com/magistuarmory/addon/client/render/model/decoration/HoodModel with maxs=true frames=true
[Architectury Transformer DEBUG] Writing com/magistuarmory/addon/client/render/model/decoration/ShoulderPadsModel with maxs=true frames=true
[Architectury Transformer DEBUG] Writing com/magistuarmory/addon/client/render/model/decoration/PlackartModel with maxs=true frames=true
[Architectury Transformer DEBUG] Writing com/magistuarmory/addon/client/render/model/decoration/PuffAndSlashSleevesModel with maxs=true frames=true
[Architectury Transformer DEBUG] Writing com/magistuarmory/addon/client/render/model/decoration/GiorneaModel with maxs=true frames=true
[Architectury Transformer DEBUG] Writing com/magistuarmory/addon/client/render/model/decoration/RamHornsModel with maxs=true frames=true
[Architectury Transformer DEBUG] Writing com/magistuarmory/addon/config/WeaponsConfig with maxs=true frames=true
[Architectury Transformer DEBUG] Writing com/magistuarmory/addon/config/WeaponsConfig$BillhookConfig with maxs=true frames=true
[Architectury Transformer DEBUG] Writing com/magistuarmory/addon/config/WeaponsConfig$WelshGuisarmeConfig with maxs=true frames=true
[Architectury Transformer DEBUG] Writing com/magistuarmory/addon/config/WeaponsConfig$CutlassConfig with maxs=true frames=true
[Architectury Transformer DEBUG] Writing com/magistuarmory/addon/config/ArmorConfig with maxs=true frames=true
[Architectury Transformer DEBUG] Writing com/magistuarmory/addon/config/WeaponsConfig$FauchardConfig with maxs=true frames=true
[Architectury Transformer DEBUG] Writing com/magistuarmory/addon/config/WeaponsConfig$ItalianPoleaxeConfig with maxs=true frames=true
[Architectury Transformer DEBUG] Writing com/magistuarmory/addon/config/WeaponsConfig$ShortSeaxConfig with maxs=true frames=true
[Architectury Transformer DEBUG] Writing com/magistuarmory/addon/config/WeaponsConfig$BoarSpearConfig with maxs=true frames=true
[Architectury Transformer DEBUG] Writing com/magistuarmory/addon/config/WeaponsConfig$WarHammerConfig with maxs=true frames=true
[Architectury Transformer DEBUG] Writing com/magistuarmory/addon/config/WeaponsConfig$ArmingSwordTypeXvConfig with maxs=true frames=true
[Architectury Transformer DEBUG] Writing com/magistuarmory/addon/config/WeaponsConfig$SwissHalberdConfig with maxs=true frames=true
[Architectury Transformer DEBUG] Writing com/magistuarmory/addon/config/WeaponsConfig$MesserSwordConfig with maxs=true frames=true
[Architectury Transformer DEBUG] Writing com/magistuarmory/addon/config/WeaponsConfig$DaneaxeConfig with maxs=true frames=true
[Architectury Transformer DEBUG] Writing com/magistuarmory/addon/config/WeaponsConfig$SaxonSwordConfig with maxs=true frames=true
[Architectury Transformer DEBUG] Writing com/magistuarmory/addon/config/WeaponsConfig$ScimitarConfig with maxs=true frames=true
[Architectury Transformer DEBUG] Writing com/magistuarmory/addon/config/WeaponsConfig$GrandFalchionConfig with maxs=true frames=true
[Architectury Transformer DEBUG] Writing com/magistuarmory/addon/config/WeaponsConfig$FrenchHalberdConfig with maxs=true frames=true
[Architectury Transformer DEBUG] Writing com/magistuarmory/addon/config/WeaponsConfig$RichSaxonSwordConfig with maxs=true frames=true
[Architectury Transformer DEBUG] Writing com/magistuarmory/addon/config/WeaponsConfig$SideswordConfig with maxs=true frames=true
[Architectury Transformer DEBUG] Writing com/magistuarmory/addon/config/WeaponsConfig$BroadaxeConfig with maxs=true frames=true
[Architectury Transformer DEBUG] Writing com/magistuarmory/addon/config/WeaponsConfig$BollockDaggerConfig with maxs=true frames=true
[Architectury Transformer DEBUG] Writing com/magistuarmory/addon/config/WeaponsConfig$ExecutionersSwordConfig with maxs=true frames=true
[Architectury Transformer DEBUG] Writing com/magistuarmory/addon/config/WeaponsConfig$GallowglassAxeConfig with maxs=true frames=true
[Architectury Transformer DEBUG] Writing com/magistuarmory/addon/config/WeaponsConfig$SabreConfig with maxs=true frames=true
[Architectury Transformer DEBUG] Writing com/magistuarmory/addon/config/WeaponsConfig$GermanGreatswordConfig with maxs=true frames=true
[Architectury Transformer DEBUG] Writing com/magistuarmory/addon/config/WeaponsConfig$LanceConfig with maxs=true frames=true
[Architectury Transformer DEBUG] Writing com/magistuarmory/addon/config/WeaponsConfig$ScytheConfig with maxs=true frames=true
[Architectury Transformer DEBUG] Writing com/magistuarmory/addon/config/WeaponsConfig$LongswordConfig with maxs=true frames=true
[Architectury Transformer DEBUG] Writing com/magistuarmory/addon/config/WeaponsConfig$WarAxeConfig with maxs=true frames=true
[Architectury Transformer DEBUG] Writing com/magistuarmory/addon/config/WeaponsConfig$BattleaxeConfig with maxs=true frames=true
[Architectury Transformer DEBUG] Writing com/magistuarmory/addon/config/WeaponsConfig$VoulgeConfig with maxs=true frames=true
[Architectury Transformer DEBUG] Writing com/magistuarmory/addon/config/WeaponsConfig$GoedendagConfig with maxs=true frames=true
[Architectury Transformer DEBUG] Writing com/magistuarmory/addon/config/WeaponsConfig$DaggerConfig with maxs=true frames=true
[Architectury Transformer DEBUG] Writing com/magistuarmory/addon/config/WeaponsConfig$LongSeaxConfig with maxs=true frames=true
[Architectury Transformer DEBUG] Writing com/magistuarmory/addon/config/WeaponsConfig$RondelDaggerConfig with maxs=true frames=true
[Architectury Transformer DEBUG] Writing com/magistuarmory/addon/config/WeaponsConfig$ShortSpearConfig with maxs=true frames=true
[Architectury Transformer DEBUG] Writing com/magistuarmory/addon/config/WeaponsConfig$SickleConfig with maxs=true frames=true
[Architectury Transformer DEBUG] Writing com/magistuarmory/addon/config/AddonConfig with maxs=true frames=true
[Architectury Transformer DEBUG] Writing com/magistuarmory/addon/config/WeaponsConfig$ArmingSwordTypeXiiiConfig with maxs=true frames=true
[Architectury Transformer DEBUG] Writing com/magistuarmory/addon/config/WeaponsConfig$RapierConfig with maxs=true frames=true
[Architectury Transformer DEBUG] Writing com/magistuarmory/addon/config/WeaponsConfig$EnglishPoleaxeConfig with maxs=true frames=true
[Architectury Transformer DEBUG] Writing com/magistuarmory/addon/config/WeaponsConfig$FranciscaAxeConfig with maxs=true frames=true
[Architectury Transformer DEBUG] Writing com/magistuarmory/addon/config/WeaponsConfig$ArmingSwordTypeXivConfig with maxs=true frames=true
[Architectury Transformer DEBUG] Writing com/magistuarmory/addon/config/WeaponsConfig$FederConfig with maxs=true frames=true
[Architectury Transformer DEBUG] Writing com/magistuarmory/addon/config/WeaponsConfig$PartisanConfig with maxs=true frames=true
[Architectury Transformer DEBUG] Writing com/magistuarmory/addon/config/WeaponsConfig$FalchionConfig with maxs=true frames=true
[Architectury Transformer DEBUG] Writing com/magistuarmory/addon/config/WeaponsConfig$GlaiveConfig with maxs=true frames=true
[Architectury Transformer DEBUG] Writing com/magistuarmory/addon/config/WeaponsConfig$TrainingSwordConfig with maxs=true frames=true
[Architectury Transformer DEBUG] Writing com/magistuarmory/addon/item/AddonItems with maxs=true frames=true
[Architectury Transformer DEBUG] Writing com/magistuarmory/addon/item/AddonWeaponTypes with maxs=true frames=true
[Architectury Transformer DEBUG] Writing com/magistuarmory/addon/item/armor/AddonArmorTypes with maxs=true frames=true
[Architectury Transformer DEBUG] Writing com/magistuarmory/addon/misc/AddonMerchOffers with maxs=true frames=true
[Architectury Transformer DEBUG] Checking whether /architectury.common.json is a mixin config.
[Architectury Transformer DEBUG] Checking whether /architectury.common.json is a mixin config.
[Architectury Transformer DEBUG] Remapping refmap from intermediary to srg: [1.19.x]-Epic-Knights-Addon-forge-refmap.json
[Architectury Transformer DEBUG] Closed File Systems for C:\Users\lut8\AppData\Local\Temp\7796158856843615406.jar
[Architectury Transformer] Listening at C:\Users\lut8\Java\modding\Epic-Knights-Addon-1.19.2-crossversion\common\build\devlibs\[1.19.x]-Epic-Knights-Addon-1.3-dev.jar
[Architectury Transformer DEBUG] Transforming from com/magistuarmory/addon/EpicKnightsAddon.class to com/magistuarmory/addon/EpicKnightsAddon.class with 8 transformer(s) on dev.architectury.transformer.handler.TinyRemapperPreparedTransformerHandler
[Architectury Transformer DEBUG] Remapping with 1 mapping provider(s):
[Architectury Transformer DEBUG]  - dev.architectury.transformer.transformers.TransformForgeEnvironment$$Lambda$150/0x0000000800ccd8e8@7d2a6eac
[Architectury Transformer DEBUG] Remapping with Dirty Mappings...
[Architectury Transformer DEBUG] Remapping Classes:
[Architectury Transformer DEBUG] net/fabricmc/api/EnvType -> net/minecraftforge/api/distmarker/Dist
[Architectury Transformer DEBUG] net/fabricmc/api/Environment -> net/minecraftforge/api/distmarker/OnlyIn
[Architectury Transformer DEBUG] Found class transformer
[Architectury Transformer DEBUG] Writing com/magistuarmory/addon/EpicKnightsAddon with maxs=true frames=true
[Architectury Transformer DEBUG] Remapping refmap from intermediary to srg: [1.19.x]-Epic-Knights-Addon-forge-refmap.json
[Architectury Transformer DEBUG] Transformed com/magistuarmory/addon/EpicKnightsAddon in 45.14 ms
[Architectury Transformer DEBUG] Transforming from com/magistuarmory/addon/item/AddonItems.class to com/magistuarmory/addon/item/AddonItems.class with 8 transformer(s) on dev.architectury.transformer.handler.TinyRemapperPreparedTransformerHandler
[Architectury Transformer DEBUG] Remapping with 1 mapping provider(s):
[Architectury Transformer DEBUG]  - dev.architectury.transformer.transformers.TransformForgeEnvironment$$Lambda$150/0x0000000800ccd8e8@7d2a6eac
[Architectury Transformer DEBUG] Remapping Classes:
[Architectury Transformer DEBUG] net/fabricmc/api/EnvType -> net/minecraftforge/api/distmarker/Dist
[Architectury Transformer DEBUG] net/fabricmc/api/Environment -> net/minecraftforge/api/distmarker/OnlyIn
[Architectury Transformer DEBUG] Found class transformer
[Architectury Transformer DEBUG] Writing com/magistuarmory/addon/item/AddonItems with maxs=true frames=true
[Architectury Transformer DEBUG] Remapping refmap from intermediary to srg: [1.19.x]-Epic-Knights-Addon-forge-refmap.json
[Architectury Transformer DEBUG] Transformed com/magistuarmory/addon/item/AddonItems in 15.01 ms
[Architectury Transformer DEBUG] Transforming from com/magistuarmory/addon/config/AddonConfig.class to com/magistuarmory/addon/config/AddonConfig.class with 8 transformer(s) on dev.architectury.transformer.handler.TinyRemapperPreparedTransformerHandler
[Architectury Transformer DEBUG] Remapping with 1 mapping provider(s):
[Architectury Transformer DEBUG]  - dev.architectury.transformer.transformers.TransformForgeEnvironment$$Lambda$150/0x0000000800ccd8e8@7d2a6eac
[Architectury Transformer DEBUG] Remapping Classes:
[Architectury Transformer DEBUG] net/fabricmc/api/EnvType -> net/minecraftforge/api/distmarker/Dist
[Architectury Transformer DEBUG] net/fabricmc/api/Environment -> net/minecraftforge/api/distmarker/OnlyIn
[Architectury Transformer DEBUG] Found class transformer
[Architectury Transformer DEBUG] Writing com/magistuarmory/addon/config/AddonConfig with maxs=true frames=true
[Architectury Transformer DEBUG] Remapping refmap from intermediary to srg: [1.19.x]-Epic-Knights-Addon-forge-refmap.json
[Architectury Transformer DEBUG] Transformed com/magistuarmory/addon/config/AddonConfig in 8.543 ms
[Architectury Transformer DEBUG] Transforming from com/magistuarmory/addon/config/WeaponsConfig.class to com/magistuarmory/addon/config/WeaponsConfig.class with 8 transformer(s) on dev.architectury.transformer.handler.TinyRemapperPreparedTransformerHandler
[Architectury Transformer DEBUG] Remapping with 1 mapping provider(s):
[Architectury Transformer DEBUG]  - dev.architectury.transformer.transformers.TransformForgeEnvironment$$Lambda$150/0x0000000800ccd8e8@7d2a6eac
[Architectury Transformer DEBUG] Remapping Classes:
[Architectury Transformer DEBUG] net/fabricmc/api/EnvType -> net/minecraftforge/api/distmarker/Dist
[Architectury Transformer DEBUG] net/fabricmc/api/Environment -> net/minecraftforge/api/distmarker/OnlyIn
[Architectury Transformer DEBUG] Found class transformer
[Architectury Transformer DEBUG] Writing com/magistuarmory/addon/config/WeaponsConfig with maxs=true frames=true
[Architectury Transformer DEBUG] Remapping refmap from intermediary to srg: [1.19.x]-Epic-Knights-Addon-forge-refmap.json
[Architectury Transformer DEBUG] Transformed com/magistuarmory/addon/config/WeaponsConfig in 13.05 ms
[Architectury Transformer DEBUG] Transforming from com/magistuarmory/addon/config/ArmorConfig.class to com/magistuarmory/addon/config/ArmorConfig.class with 8 transformer(s) on dev.architectury.transformer.handler.TinyRemapperPreparedTransformerHandler
[Architectury Transformer DEBUG] Remapping with 1 mapping provider(s):
[Architectury Transformer DEBUG]  - dev.architectury.transformer.transformers.TransformForgeEnvironment$$Lambda$150/0x0000000800ccd8e8@7d2a6eac
[Architectury Transformer DEBUG] Remapping Classes:
[Architectury Transformer DEBUG] net/fabricmc/api/EnvType -> net/minecraftforge/api/distmarker/Dist
[Architectury Transformer DEBUG] net/fabricmc/api/Environment -> net/minecraftforge/api/distmarker/OnlyIn
[Architectury Transformer DEBUG] Found class transformer
[Architectury Transformer DEBUG] Writing com/magistuarmory/addon/config/ArmorConfig with maxs=true frames=true
[Architectury Transformer DEBUG] Remapping refmap from intermediary to srg: [1.19.x]-Epic-Knights-Addon-forge-refmap.json
[Architectury Transformer DEBUG] Transformed com/magistuarmory/addon/config/ArmorConfig in 10.64 ms
[Architectury Transformer DEBUG] Transforming from com/magistuarmory/addon/config/WeaponsConfig$BattleaxeConfig.class to com/magistuarmory/addon/config/WeaponsConfig$BattleaxeConfig.class with 8 transformer(s) on dev.architectury.transformer.handler.TinyRemapperPreparedTransformerHandler
[Architectury Transformer DEBUG] Remapping with 1 mapping provider(s):
[Architectury Transformer DEBUG]  - dev.architectury.transformer.transformers.TransformForgeEnvironment$$Lambda$150/0x0000000800ccd8e8@7d2a6eac
[Architectury Transformer DEBUG] Remapping Classes:
[Architectury Transformer DEBUG] net/fabricmc/api/EnvType -> net/minecraftforge/api/distmarker/Dist
[Architectury Transformer DEBUG] net/fabricmc/api/Environment -> net/minecraftforge/api/distmarker/OnlyIn
[Architectury Transformer DEBUG] Found class transformer
[Architectury Transformer DEBUG] Writing com/magistuarmory/addon/config/WeaponsConfig$BattleaxeConfig with maxs=true frames=true
[Architectury Transformer DEBUG] Remapping refmap from intermediary to srg: [1.19.x]-Epic-Knights-Addon-forge-refmap.json
[Architectury Transformer DEBUG] Transformed com/magistuarmory/addon/config/WeaponsConfig$BattleaxeConfig in 6.403 ms
[Architectury Transformer DEBUG] Transforming from com/magistuarmory/addon/config/WeaponsConfig$FranciscaAxeConfig.class to com/magistuarmory/addon/config/WeaponsConfig$FranciscaAxeConfig.class with 8 transformer(s) on dev.architectury.transformer.handler.TinyRemapperPreparedTransformerHandler
[Architectury Transformer DEBUG] Remapping with 1 mapping provider(s):
[Architectury Transformer DEBUG]  - dev.architectury.transformer.transformers.TransformForgeEnvironment$$Lambda$150/0x0000000800ccd8e8@7d2a6eac
[Architectury Transformer DEBUG] Remapping Classes:
[Architectury Transformer DEBUG] net/fabricmc/api/EnvType -> net/minecraftforge/api/distmarker/Dist
[Architectury Transformer DEBUG] net/fabricmc/api/Environment -> net/minecraftforge/api/distmarker/OnlyIn
[Architectury Transformer DEBUG] Found class transformer
[Architectury Transformer DEBUG] Writing com/magistuarmory/addon/config/WeaponsConfig$FranciscaAxeConfig with maxs=true frames=true
[Architectury Transformer DEBUG] Remapping refmap from intermediary to srg: [1.19.x]-Epic-Knights-Addon-forge-refmap.json
[Architectury Transformer DEBUG] Transformed com/magistuarmory/addon/config/WeaponsConfig$FranciscaAxeConfig in 6.342 ms
[Architectury Transformer DEBUG] Transforming from com/magistuarmory/addon/config/WeaponsConfig$WarAxeConfig.class to com/magistuarmory/addon/config/WeaponsConfig$WarAxeConfig.class with 8 transformer(s) on dev.architectury.transformer.handler.TinyRemapperPreparedTransformerHandler
[Architectury Transformer DEBUG] Remapping with 1 mapping provider(s):
[Architectury Transformer DEBUG]  - dev.architectury.transformer.transformers.TransformForgeEnvironment$$Lambda$150/0x0000000800ccd8e8@7d2a6eac
[Architectury Transformer DEBUG] Remapping Classes:
[Architectury Transformer DEBUG] net/fabricmc/api/EnvType -> net/minecraftforge/api/distmarker/Dist
[Architectury Transformer DEBUG] net/fabricmc/api/Environment -> net/minecraftforge/api/distmarker/OnlyIn
[Architectury Transformer DEBUG] Found class transformer
[Architectury Transformer DEBUG] Writing com/magistuarmory/addon/config/WeaponsConfig$WarAxeConfig with maxs=true frames=true
[Architectury Transformer DEBUG] Remapping refmap from intermediary to srg: [1.19.x]-Epic-Knights-Addon-forge-refmap.json
[Architectury Transformer DEBUG] Transformed com/magistuarmory/addon/config/WeaponsConfig$WarAxeConfig in 4.699 ms
[Architectury Transformer DEBUG] Transforming from com/magistuarmory/addon/config/WeaponsConfig$WarHammerConfig.class to com/magistuarmory/addon/config/WeaponsConfig$WarHammerConfig.class with 8 transformer(s) on dev.architectury.transformer.handler.TinyRemapperPreparedTransformerHandler
[Architectury Transformer DEBUG] Remapping with 1 mapping provider(s):
[Architectury Transformer DEBUG]  - dev.architectury.transformer.transformers.TransformForgeEnvironment$$Lambda$150/0x0000000800ccd8e8@7d2a6eac
[Architectury Transformer DEBUG] Remapping Classes:
[Architectury Transformer DEBUG] net/fabricmc/api/EnvType -> net/minecraftforge/api/distmarker/Dist
[Architectury Transformer DEBUG] net/fabricmc/api/Environment -> net/minecraftforge/api/distmarker/OnlyIn
[Architectury Transformer DEBUG] Found class transformer
[Architectury Transformer DEBUG] Writing com/magistuarmory/addon/config/WeaponsConfig$WarHammerConfig with maxs=true frames=true
[Architectury Transformer DEBUG] Remapping refmap from intermediary to srg: [1.19.x]-Epic-Knights-Addon-forge-refmap.json
[Architectury Transformer DEBUG] Transformed com/magistuarmory/addon/config/WeaponsConfig$WarHammerConfig in 4.999 ms
[Architectury Transformer DEBUG] Transforming from com/magistuarmory/addon/config/WeaponsConfig$BollockDaggerConfig.class to com/magistuarmory/addon/config/WeaponsConfig$BollockDaggerConfig.class with 8 transformer(s) on dev.architectury.transformer.handler.TinyRemapperPreparedTransformerHandler
[Architectury Transformer DEBUG] Remapping with 1 mapping provider(s):
[Architectury Transformer DEBUG]  - dev.architectury.transformer.transformers.TransformForgeEnvironment$$Lambda$150/0x0000000800ccd8e8@7d2a6eac
[Architectury Transformer DEBUG] Remapping Classes:
[Architectury Transformer DEBUG] net/fabricmc/api/EnvType -> net/minecraftforge/api/distmarker/Dist
[Architectury Transformer DEBUG] net/fabricmc/api/Environment -> net/minecraftforge/api/distmarker/OnlyIn
[Architectury Transformer DEBUG] Found class transformer
[Architectury Transformer DEBUG] Writing com/magistuarmory/addon/config/WeaponsConfig$BollockDaggerConfig with maxs=true frames=true
[Architectury Transformer DEBUG] Remapping refmap from intermediary to srg: [1.19.x]-Epic-Knights-Addon-forge-refmap.json
[Architectury Transformer DEBUG] Transformed com/magistuarmory/addon/config/WeaponsConfig$BollockDaggerConfig in 5.901 ms
[Architectury Transformer DEBUG] Transforming from com/magistuarmory/addon/config/WeaponsConfig$DaggerConfig.class to com/magistuarmory/addon/config/WeaponsConfig$DaggerConfig.class with 8 transformer(s) on dev.architectury.transformer.handler.TinyRemapperPreparedTransformerHandler
[Architectury Transformer DEBUG] Remapping with 1 mapping provider(s):
[Architectury Transformer DEBUG]  - dev.architectury.transformer.transformers.TransformForgeEnvironment$$Lambda$150/0x0000000800ccd8e8@7d2a6eac
[Architectury Transformer DEBUG] Remapping Classes:
[Architectury Transformer DEBUG] net/fabricmc/api/EnvType -> net/minecraftforge/api/distmarker/Dist
[Architectury Transformer DEBUG] net/fabricmc/api/Environment -> net/minecraftforge/api/distmarker/OnlyIn
[Architectury Transformer DEBUG] Found class transformer
[Architectury Transformer DEBUG] Writing com/magistuarmory/addon/config/WeaponsConfig$DaggerConfig with maxs=true frames=true
[Architectury Transformer DEBUG] Remapping refmap from intermediary to srg: [1.19.x]-Epic-Knights-Addon-forge-refmap.json
[Architectury Transformer DEBUG] Transformed com/magistuarmory/addon/config/WeaponsConfig$DaggerConfig in 4.770 ms
[Architectury Transformer DEBUG] Transforming from com/magistuarmory/addon/config/WeaponsConfig$RondelDaggerConfig.class to com/magistuarmory/addon/config/WeaponsConfig$RondelDaggerConfig.class with 8 transformer(s) on dev.architectury.transformer.handler.TinyRemapperPreparedTransformerHandler
[Architectury Transformer DEBUG] Remapping with 1 mapping provider(s):
[Architectury Transformer DEBUG]  - dev.architectury.transformer.transformers.TransformForgeEnvironment$$Lambda$150/0x0000000800ccd8e8@7d2a6eac
[Architectury Transformer DEBUG] Remapping Classes:
[Architectury Transformer DEBUG] net/fabricmc/api/EnvType -> net/minecraftforge/api/distmarker/Dist
[Architectury Transformer DEBUG] net/fabricmc/api/Environment -> net/minecraftforge/api/distmarker/OnlyIn
[Architectury Transformer DEBUG] Found class transformer
[Architectury Transformer DEBUG] Writing com/magistuarmory/addon/config/WeaponsConfig$RondelDaggerConfig with maxs=true frames=true
[Architectury Transformer DEBUG] Remapping refmap from intermediary to srg: [1.19.x]-Epic-Knights-Addon-forge-refmap.json
[Architectury Transformer DEBUG] Transformed com/magistuarmory/addon/config/WeaponsConfig$RondelDaggerConfig in 6.862 ms
[Architectury Transformer DEBUG] Transforming from com/magistuarmory/addon/config/WeaponsConfig$SickleConfig.class to com/magistuarmory/addon/config/WeaponsConfig$SickleConfig.class with 8 transformer(s) on dev.architectury.transformer.handler.TinyRemapperPreparedTransformerHandler
[Architectury Transformer DEBUG] Remapping with 1 mapping provider(s):
[Architectury Transformer DEBUG]  - dev.architectury.transformer.transformers.TransformForgeEnvironment$$Lambda$150/0x0000000800ccd8e8@7d2a6eac
[Architectury Transformer DEBUG] Remapping Classes:
[Architectury Transformer DEBUG] net/fabricmc/api/EnvType -> net/minecraftforge/api/distmarker/Dist
[Architectury Transformer DEBUG] net/fabricmc/api/Environment -> net/minecraftforge/api/distmarker/OnlyIn
[Architectury Transformer DEBUG] Found class transformer
[Architectury Transformer DEBUG] Writing com/magistuarmory/addon/config/WeaponsConfig$SickleConfig with maxs=true frames=true
[Architectury Transformer DEBUG] Remapping refmap from intermediary to srg: [1.19.x]-Epic-Knights-Addon-forge-refmap.json
[Architectury Transformer DEBUG] Transformed com/magistuarmory/addon/config/WeaponsConfig$SickleConfig in 6.733 ms
[Architectury Transformer DEBUG] Transforming from com/magistuarmory/addon/config/WeaponsConfig$ExecutionersSwordConfig.class to com/magistuarmory/addon/config/WeaponsConfig$ExecutionersSwordConfig.class with 8 transformer(s) on dev.architectury.transformer.handler.TinyRemapperPreparedTransformerHandler
[Architectury Transformer DEBUG] Remapping with 1 mapping provider(s):
[Architectury Transformer DEBUG]  - dev.architectury.transformer.transformers.TransformForgeEnvironment$$Lambda$150/0x0000000800ccd8e8@7d2a6eac
[Architectury Transformer DEBUG] Remapping Classes:
[Architectury Transformer DEBUG] net/fabricmc/api/EnvType -> net/minecraftforge/api/distmarker/Dist
[Architectury Transformer DEBUG] net/fabricmc/api/Environment -> net/minecraftforge/api/distmarker/OnlyIn
[Architectury Transformer DEBUG] Found class transformer
[Architectury Transformer DEBUG] Writing com/magistuarmory/addon/config/WeaponsConfig$ExecutionersSwordConfig with maxs=true frames=true
[Architectury Transformer DEBUG] Remapping refmap from intermediary to srg: [1.19.x]-Epic-Knights-Addon-forge-refmap.json
[Architectury Transformer DEBUG] Transformed com/magistuarmory/addon/config/WeaponsConfig$ExecutionersSwordConfig in 4.728 ms
[Architectury Transformer DEBUG] Transforming from com/magistuarmory/addon/config/WeaponsConfig$GermanGreatswordConfig.class to com/magistuarmory/addon/config/WeaponsConfig$GermanGreatswordConfig.class with 8 transformer(s) on dev.architectury.transformer.handler.TinyRemapperPreparedTransformerHandler
[Architectury Transformer DEBUG] Remapping with 1 mapping provider(s):
[Architectury Transformer DEBUG]  - dev.architectury.transformer.transformers.TransformForgeEnvironment$$Lambda$150/0x0000000800ccd8e8@7d2a6eac
[Architectury Transformer DEBUG] Remapping Classes:
[Architectury Transformer DEBUG] net/fabricmc/api/EnvType -> net/minecraftforge/api/distmarker/Dist
[Architectury Transformer DEBUG] net/fabricmc/api/Environment -> net/minecraftforge/api/distmarker/OnlyIn
[Architectury Transformer DEBUG] Found class transformer
[Architectury Transformer DEBUG] Writing com/magistuarmory/addon/config/WeaponsConfig$GermanGreatswordConfig with maxs=true frames=true
[Architectury Transformer DEBUG] Remapping refmap from intermediary to srg: [1.19.x]-Epic-Knights-Addon-forge-refmap.json
[Architectury Transformer DEBUG] Transformed com/magistuarmory/addon/config/WeaponsConfig$GermanGreatswordConfig in 4.362 ms
[Architectury Transformer DEBUG] Transforming from com/magistuarmory/addon/config/WeaponsConfig$EnglishPoleaxeConfig.class to com/magistuarmory/addon/config/WeaponsConfig$EnglishPoleaxeConfig.class with 8 transformer(s) on dev.architectury.transformer.handler.TinyRemapperPreparedTransformerHandler
[Architectury Transformer DEBUG] Remapping with 1 mapping provider(s):
[Architectury Transformer DEBUG]  - dev.architectury.transformer.transformers.TransformForgeEnvironment$$Lambda$150/0x0000000800ccd8e8@7d2a6eac
[Architectury Transformer DEBUG] Remapping Classes:
[Architectury Transformer DEBUG] net/fabricmc/api/EnvType -> net/minecraftforge/api/distmarker/Dist
[Architectury Transformer DEBUG] net/fabricmc/api/Environment -> net/minecraftforge/api/distmarker/OnlyIn
[Architectury Transformer DEBUG] Found class transformer
[Architectury Transformer DEBUG] Writing com/magistuarmory/addon/config/WeaponsConfig$EnglishPoleaxeConfig with maxs=true frames=true
[Architectury Transformer DEBUG] Remapping refmap from intermediary to srg: [1.19.x]-Epic-Knights-Addon-forge-refmap.json
[Architectury Transformer DEBUG] Transformed com/magistuarmory/addon/config/WeaponsConfig$EnglishPoleaxeConfig in 6.596 ms
[Architectury Transformer DEBUG] Transforming from com/magistuarmory/addon/config/WeaponsConfig$FrenchHalberdConfig.class to com/magistuarmory/addon/config/WeaponsConfig$FrenchHalberdConfig.class with 8 transformer(s) on dev.architectury.transformer.handler.TinyRemapperPreparedTransformerHandler
[Architectury Transformer DEBUG] Remapping with 1 mapping provider(s):
[Architectury Transformer DEBUG]  - dev.architectury.transformer.transformers.TransformForgeEnvironment$$Lambda$150/0x0000000800ccd8e8@7d2a6eac
[Architectury Transformer DEBUG] Remapping Classes:
[Architectury Transformer DEBUG] net/fabricmc/api/EnvType -> net/minecraftforge/api/distmarker/Dist
[Architectury Transformer DEBUG] net/fabricmc/api/Environment -> net/minecraftforge/api/distmarker/OnlyIn
[Architectury Transformer DEBUG] Found class transformer
[Architectury Transformer DEBUG] Writing com/magistuarmory/addon/config/WeaponsConfig$FrenchHalberdConfig with maxs=true frames=true
[Architectury Transformer DEBUG] Remapping refmap from intermediary to srg: [1.19.x]-Epic-Knights-Addon-forge-refmap.json
[Architectury Transformer DEBUG] Transformed com/magistuarmory/addon/config/WeaponsConfig$FrenchHalberdConfig in 6.276 ms
[Architectury Transformer DEBUG] Transforming from com/magistuarmory/addon/config/WeaponsConfig$ItalianPoleaxeConfig.class to com/magistuarmory/addon/config/WeaponsConfig$ItalianPoleaxeConfig.class with 8 transformer(s) on dev.architectury.transformer.handler.TinyRemapperPreparedTransformerHandler
[Architectury Transformer DEBUG] Remapping with 1 mapping provider(s):
[Architectury Transformer DEBUG]  - dev.architectury.transformer.transformers.TransformForgeEnvironment$$Lambda$150/0x0000000800ccd8e8@7d2a6eac
[Architectury Transformer DEBUG] Remapping Classes:
[Architectury Transformer DEBUG] net/fabricmc/api/EnvType -> net/minecraftforge/api/distmarker/Dist
[Architectury Transformer DEBUG] net/fabricmc/api/Environment -> net/minecraftforge/api/distmarker/OnlyIn
[Architectury Transformer DEBUG] Found class transformer
[Architectury Transformer DEBUG] Writing com/magistuarmory/addon/config/WeaponsConfig$ItalianPoleaxeConfig with maxs=true frames=true
[Architectury Transformer DEBUG] Remapping refmap from intermediary to srg: [1.19.x]-Epic-Knights-Addon-forge-refmap.json
[Architectury Transformer DEBUG] Transformed com/magistuarmory/addon/config/WeaponsConfig$ItalianPoleaxeConfig in 6.467 ms
[Architectury Transformer DEBUG] Transforming from com/magistuarmory/addon/config/WeaponsConfig$SwissHalberdConfig.class to com/magistuarmory/addon/config/WeaponsConfig$SwissHalberdConfig.class with 8 transformer(s) on dev.architectury.transformer.handler.TinyRemapperPreparedTransformerHandler
[Architectury Transformer DEBUG] Remapping with 1 mapping provider(s):
[Architectury Transformer DEBUG]  - dev.architectury.transformer.transformers.TransformForgeEnvironment$$Lambda$150/0x0000000800ccd8e8@7d2a6eac
[Architectury Transformer DEBUG] Remapping Classes:
[Architectury Transformer DEBUG] net/fabricmc/api/EnvType -> net/minecraftforge/api/distmarker/Dist
[Architectury Transformer DEBUG] net/fabricmc/api/Environment -> net/minecraftforge/api/distmarker/OnlyIn
[Architectury Transformer DEBUG] Found class transformer
[Architectury Transformer DEBUG] Writing com/magistuarmory/addon/config/WeaponsConfig$SwissHalberdConfig with maxs=true frames=true
[Architectury Transformer DEBUG] Remapping refmap from intermediary to srg: [1.19.x]-Epic-Knights-Addon-forge-refmap.json
[Architectury Transformer DEBUG] Transformed com/magistuarmory/addon/config/WeaponsConfig$SwissHalberdConfig in 5.674 ms
[Architectury Transformer DEBUG] Transforming from com/magistuarmory/addon/config/WeaponsConfig$LanceConfig.class to com/magistuarmory/addon/config/WeaponsConfig$LanceConfig.class with 8 transformer(s) on dev.architectury.transformer.handler.TinyRemapperPreparedTransformerHandler
[Architectury Transformer DEBUG] Remapping with 1 mapping provider(s):
[Architectury Transformer DEBUG]  - dev.architectury.transformer.transformers.TransformForgeEnvironment$$Lambda$150/0x0000000800ccd8e8@7d2a6eac
[Architectury Transformer DEBUG] Remapping Classes:
[Architectury Transformer DEBUG] net/fabricmc/api/EnvType -> net/minecraftforge/api/distmarker/Dist
[Architectury Transformer DEBUG] net/fabricmc/api/Environment -> net/minecraftforge/api/distmarker/OnlyIn
[Architectury Transformer DEBUG] Found class transformer
[Architectury Transformer DEBUG] Writing com/magistuarmory/addon/config/WeaponsConfig$LanceConfig with maxs=true frames=true
[Architectury Transformer DEBUG] Remapping refmap from intermediary to srg: [1.19.x]-Epic-Knights-Addon-forge-refmap.json
[Architectury Transformer DEBUG] Transformed com/magistuarmory/addon/config/WeaponsConfig$LanceConfig in 5.398 ms
[Architectury Transformer DEBUG] Transforming from com/magistuarmory/addon/config/WeaponsConfig$BroadaxeConfig.class to com/magistuarmory/addon/config/WeaponsConfig$BroadaxeConfig.class with 8 transformer(s) on dev.architectury.transformer.handler.TinyRemapperPreparedTransformerHandler
[Architectury Transformer DEBUG] Remapping with 1 mapping provider(s):
[Architectury Transformer DEBUG]  - dev.architectury.transformer.transformers.TransformForgeEnvironment$$Lambda$150/0x0000000800ccd8e8@7d2a6eac
[Architectury Transformer DEBUG] Remapping Classes:
[Architectury Transformer DEBUG] net/fabricmc/api/EnvType -> net/minecraftforge/api/distmarker/Dist
[Architectury Transformer DEBUG] net/fabricmc/api/Environment -> net/minecraftforge/api/distmarker/OnlyIn
[Architectury Transformer DEBUG] Found class transformer
[Architectury Transformer DEBUG] Writing com/magistuarmory/addon/config/WeaponsConfig$BroadaxeConfig with maxs=true frames=true
[Architectury Transformer DEBUG] Remapping refmap from intermediary to srg: [1.19.x]-Epic-Knights-Addon-forge-refmap.json
[Architectury Transformer DEBUG] Transformed com/magistuarmory/addon/config/WeaponsConfig$BroadaxeConfig in 4.912 ms
[Architectury Transformer DEBUG] Transforming from com/magistuarmory/addon/config/WeaponsConfig$DaneaxeConfig.class to com/magistuarmory/addon/config/WeaponsConfig$DaneaxeConfig.class with 8 transformer(s) on dev.architectury.transformer.handler.TinyRemapperPreparedTransformerHandler
[Architectury Transformer DEBUG] Remapping with 1 mapping provider(s):
[Architectury Transformer DEBUG]  - dev.architectury.transformer.transformers.TransformForgeEnvironment$$Lambda$150/0x0000000800ccd8e8@7d2a6eac
[Architectury Transformer DEBUG] Remapping Classes:
[Architectury Transformer DEBUG] net/fabricmc/api/EnvType -> net/minecraftforge/api/distmarker/Dist
[Architectury Transformer DEBUG] net/fabricmc/api/Environment -> net/minecraftforge/api/distmarker/OnlyIn
[Architectury Transformer DEBUG] Found class transformer
[Architectury Transformer DEBUG] Writing com/magistuarmory/addon/config/WeaponsConfig$DaneaxeConfig with maxs=true frames=true
[Architectury Transformer DEBUG] Remapping refmap from intermediary to srg: [1.19.x]-Epic-Knights-Addon-forge-refmap.json
[Architectury Transformer DEBUG] Transformed com/magistuarmory/addon/config/WeaponsConfig$DaneaxeConfig in 4.757 ms
[Architectury Transformer DEBUG] Transforming from com/magistuarmory/addon/config/WeaponsConfig$GallowglassAxeConfig.class to com/magistuarmory/addon/config/WeaponsConfig$GallowglassAxeConfig.class with 8 transformer(s) on dev.architectury.transformer.handler.TinyRemapperPreparedTransformerHandler
[Architectury Transformer DEBUG] Remapping with 1 mapping provider(s):
[Architectury Transformer DEBUG]  - dev.architectury.transformer.transformers.TransformForgeEnvironment$$Lambda$150/0x0000000800ccd8e8@7d2a6eac
[Architectury Transformer DEBUG] Remapping Classes:
[Architectury Transformer DEBUG] net/fabricmc/api/EnvType -> net/minecraftforge/api/distmarker/Dist
[Architectury Transformer DEBUG] net/fabricmc/api/Environment -> net/minecraftforge/api/distmarker/OnlyIn
[Architectury Transformer DEBUG] Found class transformer
[Architectury Transformer DEBUG] Writing com/magistuarmory/addon/config/WeaponsConfig$GallowglassAxeConfig with maxs=true frames=true
[Architectury Transformer DEBUG] Remapping refmap from intermediary to srg: [1.19.x]-Epic-Knights-Addon-forge-refmap.json
[Architectury Transformer DEBUG] Transformed com/magistuarmory/addon/config/WeaponsConfig$GallowglassAxeConfig in 4.546 ms
[Architectury Transformer DEBUG] Transforming from com/magistuarmory/addon/config/WeaponsConfig$CutlassConfig.class to com/magistuarmory/addon/config/WeaponsConfig$CutlassConfig.class with 8 transformer(s) on dev.architectury.transformer.handler.TinyRemapperPreparedTransformerHandler
[Architectury Transformer DEBUG] Remapping with 1 mapping provider(s):
[Architectury Transformer DEBUG]  - dev.architectury.transformer.transformers.TransformForgeEnvironment$$Lambda$150/0x0000000800ccd8e8@7d2a6eac
[Architectury Transformer DEBUG] Remapping Classes:
[Architectury Transformer DEBUG] net/fabricmc/api/EnvType -> net/minecraftforge/api/distmarker/Dist
[Architectury Transformer DEBUG] net/fabricmc/api/Environment -> net/minecraftforge/api/distmarker/OnlyIn
[Architectury Transformer DEBUG] Found class transformer
[Architectury Transformer DEBUG] Writing com/magistuarmory/addon/config/WeaponsConfig$CutlassConfig with maxs=true frames=true
[Architectury Transformer DEBUG] Remapping refmap from intermediary to srg: [1.19.x]-Epic-Knights-Addon-forge-refmap.json
[Architectury Transformer DEBUG] Transformed com/magistuarmory/addon/config/WeaponsConfig$CutlassConfig in 5.701 ms
[Architectury Transformer DEBUG] Transforming from com/magistuarmory/addon/config/WeaponsConfig$FalchionConfig.class to com/magistuarmory/addon/config/WeaponsConfig$FalchionConfig.class with 8 transformer(s) on dev.architectury.transformer.handler.TinyRemapperPreparedTransformerHandler
[Architectury Transformer DEBUG] Remapping with 1 mapping provider(s):
[Architectury Transformer DEBUG]  - dev.architectury.transformer.transformers.TransformForgeEnvironment$$Lambda$150/0x0000000800ccd8e8@7d2a6eac
[Architectury Transformer DEBUG] Remapping Classes:
[Architectury Transformer DEBUG] net/fabricmc/api/EnvType -> net/minecraftforge/api/distmarker/Dist
[Architectury Transformer DEBUG] net/fabricmc/api/Environment -> net/minecraftforge/api/distmarker/OnlyIn
[Architectury Transformer DEBUG] Found class transformer
[Architectury Transformer DEBUG] Writing com/magistuarmory/addon/config/WeaponsConfig$FalchionConfig with maxs=true frames=true
[Architectury Transformer DEBUG] Remapping refmap from intermediary to srg: [1.19.x]-Epic-Knights-Addon-forge-refmap.json
[Architectury Transformer DEBUG] Transformed com/magistuarmory/addon/config/WeaponsConfig$FalchionConfig in 5.000 ms
[Architectury Transformer DEBUG] Transforming from com/magistuarmory/addon/config/WeaponsConfig$FederConfig.class to com/magistuarmory/addon/config/WeaponsConfig$FederConfig.class with 8 transformer(s) on dev.architectury.transformer.handler.TinyRemapperPreparedTransformerHandler
[Architectury Transformer DEBUG] Remapping with 1 mapping provider(s):
[Architectury Transformer DEBUG]  - dev.architectury.transformer.transformers.TransformForgeEnvironment$$Lambda$150/0x0000000800ccd8e8@7d2a6eac
[Architectury Transformer DEBUG] Remapping Classes:
[Architectury Transformer DEBUG] net/fabricmc/api/EnvType -> net/minecraftforge/api/distmarker/Dist
[Architectury Transformer DEBUG] net/fabricmc/api/Environment -> net/minecraftforge/api/distmarker/OnlyIn
[Architectury Transformer DEBUG] Found class transformer
[Architectury Transformer DEBUG] Writing com/magistuarmory/addon/config/WeaponsConfig$FederConfig with maxs=true frames=true
[Architectury Transformer DEBUG] Remapping refmap from intermediary to srg: [1.19.x]-Epic-Knights-Addon-forge-refmap.json
[Architectury Transformer DEBUG] Transformed com/magistuarmory/addon/config/WeaponsConfig$FederConfig in 4.895 ms
[Architectury Transformer DEBUG] Transforming from com/magistuarmory/addon/config/WeaponsConfig$GrandFalchionConfig.class to com/magistuarmory/addon/config/WeaponsConfig$GrandFalchionConfig.class with 8 transformer(s) on dev.architectury.transformer.handler.TinyRemapperPreparedTransformerHandler
[Architectury Transformer DEBUG] Remapping with 1 mapping provider(s):
[Architectury Transformer DEBUG]  - dev.architectury.transformer.transformers.TransformForgeEnvironment$$Lambda$150/0x0000000800ccd8e8@7d2a6eac
[Architectury Transformer DEBUG] Remapping Classes:
[Architectury Transformer DEBUG] net/fabricmc/api/EnvType -> net/minecraftforge/api/distmarker/Dist
[Architectury Transformer DEBUG] net/fabricmc/api/Environment -> net/minecraftforge/api/distmarker/OnlyIn
[Architectury Transformer DEBUG] Found class transformer
[Architectury Transformer DEBUG] Writing com/magistuarmory/addon/config/WeaponsConfig$GrandFalchionConfig with maxs=true frames=true
[Architectury Transformer DEBUG] Remapping refmap from intermediary to srg: [1.19.x]-Epic-Knights-Addon-forge-refmap.json
[Architectury Transformer DEBUG] Transformed com/magistuarmory/addon/config/WeaponsConfig$GrandFalchionConfig in 5.015 ms
[Architectury Transformer DEBUG] Transforming from com/magistuarmory/addon/config/WeaponsConfig$LongswordConfig.class to com/magistuarmory/addon/config/WeaponsConfig$LongswordConfig.class with 8 transformer(s) on dev.architectury.transformer.handler.TinyRemapperPreparedTransformerHandler
[Architectury Transformer DEBUG] Remapping with 1 mapping provider(s):
[Architectury Transformer DEBUG]  - dev.architectury.transformer.transformers.TransformForgeEnvironment$$Lambda$150/0x0000000800ccd8e8@7d2a6eac
[Architectury Transformer DEBUG] Remapping Classes:
[Architectury Transformer DEBUG] net/fabricmc/api/EnvType -> net/minecraftforge/api/distmarker/Dist
[Architectury Transformer DEBUG] net/fabricmc/api/Environment -> net/minecraftforge/api/distmarker/OnlyIn
[Architectury Transformer DEBUG] Found class transformer
[Architectury Transformer DEBUG] Writing com/magistuarmory/addon/config/WeaponsConfig$LongswordConfig with maxs=true frames=true
[Architectury Transformer DEBUG] Remapping refmap from intermediary to srg: [1.19.x]-Epic-Knights-Addon-forge-refmap.json
[Architectury Transformer DEBUG] Transformed com/magistuarmory/addon/config/WeaponsConfig$LongswordConfig in 5.357 ms
[Architectury Transformer DEBUG] Transforming from com/magistuarmory/addon/config/WeaponsConfig$LongSeaxConfig.class to com/magistuarmory/addon/config/WeaponsConfig$LongSeaxConfig.class with 8 transformer(s) on dev.architectury.transformer.handler.TinyRemapperPreparedTransformerHandler
[Architectury Transformer DEBUG] Remapping with 1 mapping provider(s):
[Architectury Transformer DEBUG]  - dev.architectury.transformer.transformers.TransformForgeEnvironment$$Lambda$150/0x0000000800ccd8e8@7d2a6eac
[Architectury Transformer DEBUG] Remapping Classes:
[Architectury Transformer DEBUG] net/fabricmc/api/EnvType -> net/minecraftforge/api/distmarker/Dist
[Architectury Transformer DEBUG] net/fabricmc/api/Environment -> net/minecraftforge/api/distmarker/OnlyIn
[Architectury Transformer DEBUG] Found class transformer
[Architectury Transformer DEBUG] Writing com/magistuarmory/addon/config/WeaponsConfig$LongSeaxConfig with maxs=true frames=true
[Architectury Transformer DEBUG] Remapping refmap from intermediary to srg: [1.19.x]-Epic-Knights-Addon-forge-refmap.json
[Architectury Transformer DEBUG] Transformed com/magistuarmory/addon/config/WeaponsConfig$LongSeaxConfig in 4.284 ms
[Architectury Transformer DEBUG] Transforming from com/magistuarmory/addon/config/WeaponsConfig$MesserSwordConfig.class to com/magistuarmory/addon/config/WeaponsConfig$MesserSwordConfig.class with 8 transformer(s) on dev.architectury.transformer.handler.TinyRemapperPreparedTransformerHandler
[Architectury Transformer DEBUG] Remapping with 1 mapping provider(s):
[Architectury Transformer DEBUG]  - dev.architectury.transformer.transformers.TransformForgeEnvironment$$Lambda$150/0x0000000800ccd8e8@7d2a6eac
[Architectury Transformer DEBUG] Remapping Classes:
[Architectury Transformer DEBUG] net/fabricmc/api/EnvType -> net/minecraftforge/api/distmarker/Dist
[Architectury Transformer DEBUG] net/fabricmc/api/Environment -> net/minecraftforge/api/distmarker/OnlyIn
[Architectury Transformer DEBUG] Found class transformer
[Architectury Transformer DEBUG] Writing com/magistuarmory/addon/config/WeaponsConfig$MesserSwordConfig with maxs=true frames=true
[Architectury Transformer DEBUG] Remapping refmap from intermediary to srg: [1.19.x]-Epic-Knights-Addon-forge-refmap.json
[Architectury Transformer DEBUG] Transformed com/magistuarmory/addon/config/WeaponsConfig$MesserSwordConfig in 3.985 ms
[Architectury Transformer DEBUG] Transforming from com/magistuarmory/addon/config/WeaponsConfig$RapierConfig.class to com/magistuarmory/addon/config/WeaponsConfig$RapierConfig.class with 8 transformer(s) on dev.architectury.transformer.handler.TinyRemapperPreparedTransformerHandler
[Architectury Transformer DEBUG] Remapping with 1 mapping provider(s):
[Architectury Transformer DEBUG]  - dev.architectury.transformer.transformers.TransformForgeEnvironment$$Lambda$150/0x0000000800ccd8e8@7d2a6eac
[Architectury Transformer DEBUG] Remapping Classes:
[Architectury Transformer DEBUG] net/fabricmc/api/EnvType -> net/minecraftforge/api/distmarker/Dist
[Architectury Transformer DEBUG] net/fabricmc/api/Environment -> net/minecraftforge/api/distmarker/OnlyIn
[Architectury Transformer DEBUG] Found class transformer
[Architectury Transformer DEBUG] Writing com/magistuarmory/addon/config/WeaponsConfig$RapierConfig with maxs=true frames=true
[Architectury Transformer DEBUG] Remapping refmap from intermediary to srg: [1.19.x]-Epic-Knights-Addon-forge-refmap.json
[Architectury Transformer DEBUG] Transformed com/magistuarmory/addon/config/WeaponsConfig$RapierConfig in 4.298 ms
[Architectury Transformer DEBUG] Transforming from com/magistuarmory/addon/config/WeaponsConfig$ScimitarConfig.class to com/magistuarmory/addon/config/WeaponsConfig$ScimitarConfig.class with 8 transformer(s) on dev.architectury.transformer.handler.TinyRemapperPreparedTransformerHandler
[Architectury Transformer DEBUG] Remapping with 1 mapping provider(s):
[Architectury Transformer DEBUG]  - dev.architectury.transformer.transformers.TransformForgeEnvironment$$Lambda$150/0x0000000800ccd8e8@7d2a6eac
[Architectury Transformer DEBUG] Remapping Classes:
[Architectury Transformer DEBUG] net/fabricmc/api/EnvType -> net/minecraftforge/api/distmarker/Dist
[Architectury Transformer DEBUG] net/fabricmc/api/Environment -> net/minecraftforge/api/distmarker/OnlyIn
[Architectury Transformer DEBUG] Found class transformer
[Architectury Transformer DEBUG] Writing com/magistuarmory/addon/config/WeaponsConfig$ScimitarConfig with maxs=true frames=true
[Architectury Transformer DEBUG] Remapping refmap from intermediary to srg: [1.19.x]-Epic-Knights-Addon-forge-refmap.json
[Architectury Transformer DEBUG] Transformed com/magistuarmory/addon/config/WeaponsConfig$ScimitarConfig in 4.944 ms
[Architectury Transformer DEBUG] Transforming from com/magistuarmory/addon/config/WeaponsConfig$SideswordConfig.class to com/magistuarmory/addon/config/WeaponsConfig$SideswordConfig.class with 8 transformer(s) on dev.architectury.transformer.handler.TinyRemapperPreparedTransformerHandler
[Architectury Transformer DEBUG] Remapping with 1 mapping provider(s):
[Architectury Transformer DEBUG]  - dev.architectury.transformer.transformers.TransformForgeEnvironment$$Lambda$150/0x0000000800ccd8e8@7d2a6eac
[Architectury Transformer DEBUG] Remapping Classes:
[Architectury Transformer DEBUG] net/fabricmc/api/EnvType -> net/minecraftforge/api/distmarker/Dist
[Architectury Transformer DEBUG] net/fabricmc/api/Environment -> net/minecraftforge/api/distmarker/OnlyIn
[Architectury Transformer DEBUG] Found class transformer
[Architectury Transformer DEBUG] Writing com/magistuarmory/addon/config/WeaponsConfig$SideswordConfig with maxs=true frames=true
[Architectury Transformer DEBUG] Remapping refmap from intermediary to srg: [1.19.x]-Epic-Knights-Addon-forge-refmap.json
[Architectury Transformer DEBUG] Transformed com/magistuarmory/addon/config/WeaponsConfig$SideswordConfig in 4.070 ms
[Architectury Transformer DEBUG] Transforming from com/magistuarmory/addon/config/WeaponsConfig$TrainingSwordConfig.class to com/magistuarmory/addon/config/WeaponsConfig$TrainingSwordConfig.class with 8 transformer(s) on dev.architectury.transformer.handler.TinyRemapperPreparedTransformerHandler
[Architectury Transformer DEBUG] Remapping with 1 mapping provider(s):
[Architectury Transformer DEBUG]  - dev.architectury.transformer.transformers.TransformForgeEnvironment$$Lambda$150/0x0000000800ccd8e8@7d2a6eac
[Architectury Transformer DEBUG] Remapping Classes:
[Architectury Transformer DEBUG] net/fabricmc/api/EnvType -> net/minecraftforge/api/distmarker/Dist
[Architectury Transformer DEBUG] net/fabricmc/api/Environment -> net/minecraftforge/api/distmarker/OnlyIn
[Architectury Transformer DEBUG] Found class transformer
[Architectury Transformer DEBUG] Writing com/magistuarmory/addon/config/WeaponsConfig$TrainingSwordConfig with maxs=true frames=true
[Architectury Transformer DEBUG] Remapping refmap from intermediary to srg: [1.19.x]-Epic-Knights-Addon-forge-refmap.json
[Architectury Transformer DEBUG] Transformed com/magistuarmory/addon/config/WeaponsConfig$TrainingSwordConfig in 4.134 ms
[Architectury Transformer DEBUG] Transforming from com/magistuarmory/addon/config/WeaponsConfig$BillhookConfig.class to com/magistuarmory/addon/config/WeaponsConfig$BillhookConfig.class with 8 transformer(s) on dev.architectury.transformer.handler.TinyRemapperPreparedTransformerHandler
[Architectury Transformer DEBUG] Remapping with 1 mapping provider(s):
[Architectury Transformer DEBUG]  - dev.architectury.transformer.transformers.TransformForgeEnvironment$$Lambda$150/0x0000000800ccd8e8@7d2a6eac
[Architectury Transformer DEBUG] Remapping Classes:
[Architectury Transformer DEBUG] net/fabricmc/api/EnvType -> net/minecraftforge/api/distmarker/Dist
[Architectury Transformer DEBUG] net/fabricmc/api/Environment -> net/minecraftforge/api/distmarker/OnlyIn
[Architectury Transformer DEBUG] Found class transformer
[Architectury Transformer DEBUG] Writing com/magistuarmory/addon/config/WeaponsConfig$BillhookConfig with maxs=true frames=true
[Architectury Transformer DEBUG] Remapping refmap from intermediary to srg: [1.19.x]-Epic-Knights-Addon-forge-refmap.json
[Architectury Transformer DEBUG] Transformed com/magistuarmory/addon/config/WeaponsConfig$BillhookConfig in 3.627 ms
[Architectury Transformer DEBUG] Transforming from com/magistuarmory/addon/config/WeaponsConfig$BoarSpearConfig.class to com/magistuarmory/addon/config/WeaponsConfig$BoarSpearConfig.class with 8 transformer(s) on dev.architectury.transformer.handler.TinyRemapperPreparedTransformerHandler
[Architectury Transformer DEBUG] Remapping with 1 mapping provider(s):
[Architectury Transformer DEBUG]  - dev.architectury.transformer.transformers.TransformForgeEnvironment$$Lambda$150/0x0000000800ccd8e8@7d2a6eac
[Architectury Transformer DEBUG] Remapping Classes:
[Architectury Transformer DEBUG] net/fabricmc/api/EnvType -> net/minecraftforge/api/distmarker/Dist
[Architectury Transformer DEBUG] net/fabricmc/api/Environment -> net/minecraftforge/api/distmarker/OnlyIn
[Architectury Transformer DEBUG] Found class transformer
[Architectury Transformer DEBUG] Writing com/magistuarmory/addon/config/WeaponsConfig$BoarSpearConfig with maxs=true frames=true
[Architectury Transformer DEBUG] Remapping refmap from intermediary to srg: [1.19.x]-Epic-Knights-Addon-forge-refmap.json
[Architectury Transformer DEBUG] Transformed com/magistuarmory/addon/config/WeaponsConfig$BoarSpearConfig in 4.157 ms
[Architectury Transformer DEBUG] Transforming from com/magistuarmory/addon/config/WeaponsConfig$FauchardConfig.class to com/magistuarmory/addon/config/WeaponsConfig$FauchardConfig.class with 8 transformer(s) on dev.architectury.transformer.handler.TinyRemapperPreparedTransformerHandler
[Architectury Transformer DEBUG] Remapping with 1 mapping provider(s):
[Architectury Transformer DEBUG]  - dev.architectury.transformer.transformers.TransformForgeEnvironment$$Lambda$150/0x0000000800ccd8e8@7d2a6eac
[Architectury Transformer DEBUG] Remapping Classes:
[Architectury Transformer DEBUG] net/fabricmc/api/EnvType -> net/minecraftforge/api/distmarker/Dist
[Architectury Transformer DEBUG] net/fabricmc/api/Environment -> net/minecraftforge/api/distmarker/OnlyIn
[Architectury Transformer DEBUG] Found class transformer
[Architectury Transformer DEBUG] Writing com/magistuarmory/addon/config/WeaponsConfig$FauchardConfig with maxs=true frames=true
[Architectury Transformer DEBUG] Remapping refmap from intermediary to srg: [1.19.x]-Epic-Knights-Addon-forge-refmap.json
[Architectury Transformer DEBUG] Transformed com/magistuarmory/addon/config/WeaponsConfig$FauchardConfig in 4.702 ms
[Architectury Transformer DEBUG] Transforming from com/magistuarmory/addon/config/WeaponsConfig$GlaiveConfig.class to com/magistuarmory/addon/config/WeaponsConfig$GlaiveConfig.class with 8 transformer(s) on dev.architectury.transformer.handler.TinyRemapperPreparedTransformerHandler
[Architectury Transformer DEBUG] Remapping with 1 mapping provider(s):
[Architectury Transformer DEBUG]  - dev.architectury.transformer.transformers.TransformForgeEnvironment$$Lambda$150/0x0000000800ccd8e8@7d2a6eac
[Architectury Transformer DEBUG] Remapping Classes:
[Architectury Transformer DEBUG] net/fabricmc/api/EnvType -> net/minecraftforge/api/distmarker/Dist
[Architectury Transformer DEBUG] net/fabricmc/api/Environment -> net/minecraftforge/api/distmarker/OnlyIn
[Architectury Transformer DEBUG] Found class transformer
[Architectury Transformer DEBUG] Writing com/magistuarmory/addon/config/WeaponsConfig$GlaiveConfig with maxs=true frames=true
[Architectury Transformer DEBUG] Remapping refmap from intermediary to srg: [1.19.x]-Epic-Knights-Addon-forge-refmap.json
[Architectury Transformer DEBUG] Transformed com/magistuarmory/addon/config/WeaponsConfig$GlaiveConfig in 4.443 ms
[Architectury Transformer DEBUG] Transforming from com/magistuarmory/addon/config/WeaponsConfig$GoedendagConfig.class to com/magistuarmory/addon/config/WeaponsConfig$GoedendagConfig.class with 8 transformer(s) on dev.architectury.transformer.handler.TinyRemapperPreparedTransformerHandler
[Architectury Transformer DEBUG] Remapping with 1 mapping provider(s):
[Architectury Transformer DEBUG]  - dev.architectury.transformer.transformers.TransformForgeEnvironment$$Lambda$150/0x0000000800ccd8e8@7d2a6eac
[Architectury Transformer DEBUG] Remapping Classes:
[Architectury Transformer DEBUG] net/fabricmc/api/EnvType -> net/minecraftforge/api/distmarker/Dist
[Architectury Transformer DEBUG] net/fabricmc/api/Environment -> net/minecraftforge/api/distmarker/OnlyIn
[Architectury Transformer DEBUG] Found class transformer
[Architectury Transformer DEBUG] Writing com/magistuarmory/addon/config/WeaponsConfig$GoedendagConfig with maxs=true frames=true
[Architectury Transformer DEBUG] Remapping refmap from intermediary to srg: [1.19.x]-Epic-Knights-Addon-forge-refmap.json
[Architectury Transformer DEBUG] Transformed com/magistuarmory/addon/config/WeaponsConfig$GoedendagConfig in 3.985 ms
[Architectury Transformer DEBUG] Transforming from com/magistuarmory/addon/config/WeaponsConfig$PartisanConfig.class to com/magistuarmory/addon/config/WeaponsConfig$PartisanConfig.class with 8 transformer(s) on dev.architectury.transformer.handler.TinyRemapperPreparedTransformerHandler
[Architectury Transformer DEBUG] Remapping with 1 mapping provider(s):
[Architectury Transformer DEBUG]  - dev.architectury.transformer.transformers.TransformForgeEnvironment$$Lambda$150/0x0000000800ccd8e8@7d2a6eac
[Architectury Transformer DEBUG] Remapping Classes:
[Architectury Transformer DEBUG] net/fabricmc/api/EnvType -> net/minecraftforge/api/distmarker/Dist
[Architectury Transformer DEBUG] net/fabricmc/api/Environment -> net/minecraftforge/api/distmarker/OnlyIn
[Architectury Transformer DEBUG] Found class transformer
[Architectury Transformer DEBUG] Writing com/magistuarmory/addon/config/WeaponsConfig$PartisanConfig with maxs=true frames=true
[Architectury Transformer DEBUG] Remapping refmap from intermediary to srg: [1.19.x]-Epic-Knights-Addon-forge-refmap.json
[Architectury Transformer DEBUG] Transformed com/magistuarmory/addon/config/WeaponsConfig$PartisanConfig in 3.622 ms
[Architectury Transformer DEBUG] Transforming from com/magistuarmory/addon/config/WeaponsConfig$ScytheConfig.class to com/magistuarmory/addon/config/WeaponsConfig$ScytheConfig.class with 8 transformer(s) on dev.architectury.transformer.handler.TinyRemapperPreparedTransformerHandler
[Architectury Transformer DEBUG] Remapping with 1 mapping provider(s):
[Architectury Transformer DEBUG]  - dev.architectury.transformer.transformers.TransformForgeEnvironment$$Lambda$150/0x0000000800ccd8e8@7d2a6eac
[Architectury Transformer DEBUG] Remapping Classes:
[Architectury Transformer DEBUG] net/fabricmc/api/EnvType -> net/minecraftforge/api/distmarker/Dist
[Architectury Transformer DEBUG] net/fabricmc/api/Environment -> net/minecraftforge/api/distmarker/OnlyIn
[Architectury Transformer DEBUG] Found class transformer
[Architectury Transformer DEBUG] Writing com/magistuarmory/addon/config/WeaponsConfig$ScytheConfig with maxs=true frames=true
[Architectury Transformer DEBUG] Remapping refmap from intermediary to srg: [1.19.x]-Epic-Knights-Addon-forge-refmap.json
[Architectury Transformer DEBUG] Transformed com/magistuarmory/addon/config/WeaponsConfig$ScytheConfig in 3.194 ms
[Architectury Transformer DEBUG] Transforming from com/magistuarmory/addon/config/WeaponsConfig$ShortSpearConfig.class to com/magistuarmory/addon/config/WeaponsConfig$ShortSpearConfig.class with 8 transformer(s) on dev.architectury.transformer.handler.TinyRemapperPreparedTransformerHandler
[Architectury Transformer DEBUG] Remapping with 1 mapping provider(s):
[Architectury Transformer DEBUG]  - dev.architectury.transformer.transformers.TransformForgeEnvironment$$Lambda$150/0x0000000800ccd8e8@7d2a6eac
[Architectury Transformer DEBUG] Remapping Classes:
[Architectury Transformer DEBUG] net/fabricmc/api/EnvType -> net/minecraftforge/api/distmarker/Dist
[Architectury Transformer DEBUG] net/fabricmc/api/Environment -> net/minecraftforge/api/distmarker/OnlyIn
[Architectury Transformer DEBUG] Found class transformer
[Architectury Transformer DEBUG] Writing com/magistuarmory/addon/config/WeaponsConfig$ShortSpearConfig with maxs=true frames=true
[Architectury Transformer DEBUG] Remapping refmap from intermediary to srg: [1.19.x]-Epic-Knights-Addon-forge-refmap.json
[Architectury Transformer DEBUG] Transformed com/magistuarmory/addon/config/WeaponsConfig$ShortSpearConfig in 2.719 ms
[Architectury Transformer DEBUG] Transforming from com/magistuarmory/addon/config/WeaponsConfig$VoulgeConfig.class to com/magistuarmory/addon/config/WeaponsConfig$VoulgeConfig.class with 8 transformer(s) on dev.architectury.transformer.handler.TinyRemapperPreparedTransformerHandler
[Architectury Transformer DEBUG] Remapping with 1 mapping provider(s):
[Architectury Transformer DEBUG]  - dev.architectury.transformer.transformers.TransformForgeEnvironment$$Lambda$150/0x0000000800ccd8e8@7d2a6eac
[Architectury Transformer DEBUG] Remapping Classes:
[Architectury Transformer DEBUG] net/fabricmc/api/EnvType -> net/minecraftforge/api/distmarker/Dist
[Architectury Transformer DEBUG] net/fabricmc/api/Environment -> net/minecraftforge/api/distmarker/OnlyIn
[Architectury Transformer DEBUG] Found class transformer
[Architectury Transformer DEBUG] Writing com/magistuarmory/addon/config/WeaponsConfig$VoulgeConfig with maxs=true frames=true
[Architectury Transformer DEBUG] Remapping refmap from intermediary to srg: [1.19.x]-Epic-Knights-Addon-forge-refmap.json
[Architectury Transformer DEBUG] Transformed com/magistuarmory/addon/config/WeaponsConfig$VoulgeConfig in 3.614 ms
[Architectury Transformer DEBUG] Transforming from com/magistuarmory/addon/config/WeaponsConfig$WelshGuisarmeConfig.class to com/magistuarmory/addon/config/WeaponsConfig$WelshGuisarmeConfig.class with 8 transformer(s) on dev.architectury.transformer.handler.TinyRemapperPreparedTransformerHandler
[Architectury Transformer DEBUG] Remapping with 1 mapping provider(s):
[Architectury Transformer DEBUG]  - dev.architectury.transformer.transformers.TransformForgeEnvironment$$Lambda$150/0x0000000800ccd8e8@7d2a6eac
[Architectury Transformer DEBUG] Remapping Classes:
[Architectury Transformer DEBUG] net/fabricmc/api/EnvType -> net/minecraftforge/api/distmarker/Dist
[Architectury Transformer DEBUG] net/fabricmc/api/Environment -> net/minecraftforge/api/distmarker/OnlyIn
[Architectury Transformer DEBUG] Found class transformer
[Architectury Transformer DEBUG] Writing com/magistuarmory/addon/config/WeaponsConfig$WelshGuisarmeConfig with maxs=true frames=true
[Architectury Transformer DEBUG] Remapping refmap from intermediary to srg: [1.19.x]-Epic-Knights-Addon-forge-refmap.json
[Architectury Transformer DEBUG] Transformed com/magistuarmory/addon/config/WeaponsConfig$WelshGuisarmeConfig in 5.574 ms
[Architectury Transformer DEBUG] Transforming from com/magistuarmory/addon/config/WeaponsConfig$ArmingSwordTypeXiiiConfig.class to com/magistuarmory/addon/config/WeaponsConfig$ArmingSwordTypeXiiiConfig.class with 8 transformer(s) on dev.architectury.transformer.handler.TinyRemapperPreparedTransformerHandler
[Architectury Transformer DEBUG] Remapping with 1 mapping provider(s):
[Architectury Transformer DEBUG]  - dev.architectury.transformer.transformers.TransformForgeEnvironment$$Lambda$150/0x0000000800ccd8e8@7d2a6eac
[Architectury Transformer DEBUG] Remapping Classes:
[Architectury Transformer DEBUG] net/fabricmc/api/EnvType -> net/minecraftforge/api/distmarker/Dist
[Architectury Transformer DEBUG] net/fabricmc/api/Environment -> net/minecraftforge/api/distmarker/OnlyIn
[Architectury Transformer DEBUG] Found class transformer
[Architectury Transformer DEBUG] Writing com/magistuarmory/addon/config/WeaponsConfig$ArmingSwordTypeXiiiConfig with maxs=true frames=true
[Architectury Transformer DEBUG] Remapping refmap from intermediary to srg: [1.19.x]-Epic-Knights-Addon-forge-refmap.json
[Architectury Transformer DEBUG] Transformed com/magistuarmory/addon/config/WeaponsConfig$ArmingSwordTypeXiiiConfig in 6.471 ms
[Architectury Transformer DEBUG] Transforming from com/magistuarmory/addon/config/WeaponsConfig$ArmingSwordTypeXivConfig.class to com/magistuarmory/addon/config/WeaponsConfig$ArmingSwordTypeXivConfig.class with 8 transformer(s) on dev.architectury.transformer.handler.TinyRemapperPreparedTransformerHandler
[Architectury Transformer DEBUG] Remapping with 1 mapping provider(s):
[Architectury Transformer DEBUG]  - dev.architectury.transformer.transformers.TransformForgeEnvironment$$Lambda$150/0x0000000800ccd8e8@7d2a6eac
[Architectury Transformer DEBUG] Remapping Classes:
[Architectury Transformer DEBUG] net/fabricmc/api/EnvType -> net/minecraftforge/api/distmarker/Dist
[Architectury Transformer DEBUG] net/fabricmc/api/Environment -> net/minecraftforge/api/distmarker/OnlyIn
[Architectury Transformer DEBUG] Found class transformer
[Architectury Transformer DEBUG] Writing com/magistuarmory/addon/config/WeaponsConfig$ArmingSwordTypeXivConfig with maxs=true frames=true
[Architectury Transformer DEBUG] Remapping refmap from intermediary to srg: [1.19.x]-Epic-Knights-Addon-forge-refmap.json
[Architectury Transformer DEBUG] Transformed com/magistuarmory/addon/config/WeaponsConfig$ArmingSwordTypeXivConfig in 4.777 ms
[Architectury Transformer DEBUG] Transforming from com/magistuarmory/addon/config/WeaponsConfig$ArmingSwordTypeXvConfig.class to com/magistuarmory/addon/config/WeaponsConfig$ArmingSwordTypeXvConfig.class with 8 transformer(s) on dev.architectury.transformer.handler.TinyRemapperPreparedTransformerHandler
[Architectury Transformer DEBUG] Remapping with 1 mapping provider(s):
[Architectury Transformer DEBUG]  - dev.architectury.transformer.transformers.TransformForgeEnvironment$$Lambda$150/0x0000000800ccd8e8@7d2a6eac
[Architectury Transformer DEBUG] Remapping Classes:
[Architectury Transformer DEBUG] net/fabricmc/api/EnvType -> net/minecraftforge/api/distmarker/Dist
[Architectury Transformer DEBUG] net/fabricmc/api/Environment -> net/minecraftforge/api/distmarker/OnlyIn
[Architectury Transformer DEBUG] Found class transformer
[Architectury Transformer DEBUG] Writing com/magistuarmory/addon/config/WeaponsConfig$ArmingSwordTypeXvConfig with maxs=true frames=true
[Architectury Transformer DEBUG] Remapping refmap from intermediary to srg: [1.19.x]-Epic-Knights-Addon-forge-refmap.json
[Architectury Transformer DEBUG] Transformed com/magistuarmory/addon/config/WeaponsConfig$ArmingSwordTypeXvConfig in 4.015 ms
[Architectury Transformer DEBUG] Transforming from com/magistuarmory/addon/config/WeaponsConfig$RichSaxonSwordConfig.class to com/magistuarmory/addon/config/WeaponsConfig$RichSaxonSwordConfig.class with 8 transformer(s) on dev.architectury.transformer.handler.TinyRemapperPreparedTransformerHandler
[Architectury Transformer DEBUG] Remapping with 1 mapping provider(s):
[Architectury Transformer DEBUG]  - dev.architectury.transformer.transformers.TransformForgeEnvironment$$Lambda$150/0x0000000800ccd8e8@7d2a6eac
[Architectury Transformer DEBUG] Remapping Classes:
[Architectury Transformer DEBUG] net/fabricmc/api/EnvType -> net/minecraftforge/api/distmarker/Dist
[Architectury Transformer DEBUG] net/fabricmc/api/Environment -> net/minecraftforge/api/distmarker/OnlyIn
[Architectury Transformer DEBUG] Found class transformer
[Architectury Transformer DEBUG] Writing com/magistuarmory/addon/config/WeaponsConfig$RichSaxonSwordConfig with maxs=true frames=true
[Architectury Transformer DEBUG] Remapping refmap from intermediary to srg: [1.19.x]-Epic-Knights-Addon-forge-refmap.json
[Architectury Transformer DEBUG] Transformed com/magistuarmory/addon/config/WeaponsConfig$RichSaxonSwordConfig in 5.102 ms
[Architectury Transformer DEBUG] Transforming from com/magistuarmory/addon/config/WeaponsConfig$SabreConfig.class to com/magistuarmory/addon/config/WeaponsConfig$SabreConfig.class with 8 transformer(s) on dev.architectury.transformer.handler.TinyRemapperPreparedTransformerHandler
[Architectury Transformer DEBUG] Remapping with 1 mapping provider(s):
[Architectury Transformer DEBUG]  - dev.architectury.transformer.transformers.TransformForgeEnvironment$$Lambda$150/0x0000000800ccd8e8@7d2a6eac
[Architectury Transformer DEBUG] Remapping Classes:
[Architectury Transformer DEBUG] net/fabricmc/api/EnvType -> net/minecraftforge/api/distmarker/Dist
[Architectury Transformer DEBUG] net/fabricmc/api/Environment -> net/minecraftforge/api/distmarker/OnlyIn
[Architectury Transformer DEBUG] Found class transformer
[Architectury Transformer DEBUG] Writing com/magistuarmory/addon/config/WeaponsConfig$SabreConfig with maxs=true frames=true
[Architectury Transformer DEBUG] Remapping refmap from intermediary to srg: [1.19.x]-Epic-Knights-Addon-forge-refmap.json
[Architectury Transformer DEBUG] Transformed com/magistuarmory/addon/config/WeaponsConfig$SabreConfig in 3.956 ms
[Architectury Transformer DEBUG] Transforming from com/magistuarmory/addon/config/WeaponsConfig$SaxonSwordConfig.class to com/magistuarmory/addon/config/WeaponsConfig$SaxonSwordConfig.class with 8 transformer(s) on dev.architectury.transformer.handler.TinyRemapperPreparedTransformerHandler
[Architectury Transformer DEBUG] Remapping with 1 mapping provider(s):
[Architectury Transformer DEBUG]  - dev.architectury.transformer.transformers.TransformForgeEnvironment$$Lambda$150/0x0000000800ccd8e8@7d2a6eac
[Architectury Transformer DEBUG] Remapping Classes:
[Architectury Transformer DEBUG] net/fabricmc/api/EnvType -> net/minecraftforge/api/distmarker/Dist
[Architectury Transformer DEBUG] net/fabricmc/api/Environment -> net/minecraftforge/api/distmarker/OnlyIn
[Architectury Transformer DEBUG] Found class transformer
[Architectury Transformer DEBUG] Writing com/magistuarmory/addon/config/WeaponsConfig$SaxonSwordConfig with maxs=true frames=true
[Architectury Transformer DEBUG] Remapping refmap from intermediary to srg: [1.19.x]-Epic-Knights-Addon-forge-refmap.json
[Architectury Transformer DEBUG] Transformed com/magistuarmory/addon/config/WeaponsConfig$SaxonSwordConfig in 4.053 ms
[Architectury Transformer DEBUG] Transforming from com/magistuarmory/addon/config/WeaponsConfig$ShortSeaxConfig.class to com/magistuarmory/addon/config/WeaponsConfig$ShortSeaxConfig.class with 8 transformer(s) on dev.architectury.transformer.handler.TinyRemapperPreparedTransformerHandler
[Architectury Transformer DEBUG] Remapping with 1 mapping provider(s):
[Architectury Transformer DEBUG]  - dev.architectury.transformer.transformers.TransformForgeEnvironment$$Lambda$150/0x0000000800ccd8e8@7d2a6eac
[Architectury Transformer DEBUG] Remapping Classes:
[Architectury Transformer DEBUG] net/fabricmc/api/EnvType -> net/minecraftforge/api/distmarker/Dist
[Architectury Transformer DEBUG] net/fabricmc/api/Environment -> net/minecraftforge/api/distmarker/OnlyIn
[Architectury Transformer DEBUG] Found class transformer
[Architectury Transformer DEBUG] Writing com/magistuarmory/addon/config/WeaponsConfig$ShortSeaxConfig with maxs=true frames=true
[Architectury Transformer DEBUG] Remapping refmap from intermediary to srg: [1.19.x]-Epic-Knights-Addon-forge-refmap.json
[Architectury Transformer DEBUG] Transformed com/magistuarmory/addon/config/WeaponsConfig$ShortSeaxConfig in 4.162 ms
